    Checking cubecl-runtime v0.8.1
    Checking wgpu-core-deps-windows-linux-android v26.0.0
   Compiling zstd-sys v2.0.16+zstd.1.5.7
    Checking icu_provider v2.1.1
    Checking dicom-object v0.8.2
   Compiling bzip2-sys v0.1.13+1.0.8
    Checking h2 v0.3.27
    Checking image v0.24.9
    Checking clap v4.5.56
    Checking aes v0.8.4
    Checking winreg v0.50.0
    Checking console v0.15.11
    Checking pbkdf2 v0.11.0
    Checking rustls-pemfile v1.0.4
    Checking dirs-sys v0.4.1
    Checking sha1 v0.10.6
    Checking filetime v0.2.27
    Checking encoding_rs v0.8.35
    Checking constant_time_eq v0.1.5
    Checking number_prefix v0.4.0
    Checking sync_wrapper v0.1.2
    Checking ipnet v2.11.0
    Checking mime v0.3.17
    Checking numpy v0.22.1
    Checking wgpu-core v26.0.1
    Checking walkdir v2.5.0
    Checking hex v0.4.3
    Checking dirs v5.0.1
    Checking tar v0.4.44
    Checking indicatif v0.17.11
    Checking dicom-json v0.8.2
warning: bzip2-sys@0.1.13+1.0.8: Compiler family detection failed due to error: ToolExecError: command did not execute successfully (status code exit code: 1): "gcc.exe" "-E" "D:\\kwavers\\ritk\\target\\debug\\build\\bzip2-sys-318626a1d73b5b03\\out\\lib\\12658241497576768739detect_compiler_family.c"
warning: bzip2-sys@0.1.13+1.0.8: Compiler family detection failed due to error: ToolExecError: command did not execute successfully (status code exit code: 1): "gcc.exe" "-E" "D:\\kwavers\\ritk\\target\\debug\\build\\bzip2-sys-318626a1d73b5b03\\out\\lib\\10890386738410324202detect_compiler_family.c"
warning: bzip2-sys@0.1.13+1.0.8: ToolExecError: command did not execute successfully (status code exit code: 1): "gcc.exe" "-O0" "-ffunction-sections" "-fdata-sections" "-g" "-gdwarf-2" "-fno-omit-frame-pointer" "-m64" "-I" "bzip2-1.0.8" "-w" "-D_WIN32" "-DBZ_EXPORT" "-D_FILE_OFFSET_BITS=64" "-DBZ_NO_STDIO" "-o" "D:\\kwavers\\ritk\\target\\debug\\build\\bzip2-sys-318626a1d73b5b03\\out\\lib\\a9dc8ba631b1466a-blocksort.o" "-c" "bzip2-1.0.8/blocksort.c"cargo:warning=Compiler family detection failed due to error: ToolExecError: command did not execute successfully (status code exit code: 1): "gcc.exe" "-E" "D:\\kwavers\\ritk\\target\\debug\\build\\bzip2-sys-318626a1d73b5b03\\out\\lib\\10461332335857120212detect_compiler_family.c"
warning: bzip2-sys@0.1.13+1.0.8: ToolExecError: command did not execute successfully (status code exit code: 1): "gcc.exe" "-O0" "-ffunction-sections" "-fdata-sections" "-g" "-gdwarf-2" "-fno-omit-frame-pointer" "-m64" "-I" "bzip2-1.0.8" "-w" "-D_WIN32" "-DBZ_EXPORT" "-D_FILE_OFFSET_BITS=64" "-DBZ_NO_STDIO" "-o" "D:\\kwavers\\ritk\\target\\debug\\build\\bzip2-sys-318626a1d73b5b03\\out\\lib\\a9dc8ba631b1466a-huffman.o" "-c" "bzip2-1.0.8/huffman.c"cargo:warning=Compiler family detection failed due to error: ToolExecError: command did not execute successfully (status code exit code: 1): "gcc.exe" "-E" "D:\\kwavers\\ritk\\target\\debug\\build\\bzip2-sys-318626a1d73b5b03\\out\\lib\\16047153942704487574detect_compiler_family.c"
warning: bzip2-sys@0.1.13+1.0.8: Compiler family detection failed due to error: ToolExecError: command did not execute successfully (status code exit code: 1): "gcc.exe" "-E" "D:\\kwavers\\ritk\\target\\debug\\build\\bzip2-sys-318626a1d73b5b03\\out\\lib\\9749646618107471946detect_compiler_family.c"
warning: bzip2-sys@0.1.13+1.0.8: Compiler family detection failed due to error: ToolExecError: command did not execute successfully (status code exit code: 1): "gcc.exe" "-E" "D:\\kwavers\\ritk\\target\\debug\\build\\bzip2-sys-318626a1d73b5b03\\out\\lib\\10789905137754362993detect_compiler_family.c"
warning: bzip2-sys@0.1.13+1.0.8: Compiler family detection failed due to error: ToolExecError: command did not execute successfully (status code exit code: 1): "gcc.exe" "-E" "D:\\kwavers\\ritk\\target\\debug\\build\\bzip2-sys-318626a1d73b5b03\\out\\lib\\9640175581078138758detect_compiler_family.c"
warning: bzip2-sys@0.1.13+1.0.8: ToolExecError: command did not execute successfully (status code exit code: 1): "gcc.exe" "-O0" "-ffunction-sections" "-fdata-sections" "-g" "-gdwarf-2" "-fno-omit-frame-pointer" "-m64" "-I" "bzip2-1.0.8" "-w" "-D_WIN32" "-DBZ_EXPORT" "-D_FILE_OFFSET_BITS=64" "-DBZ_NO_STDIO" "-o" "D:\\kwavers\\ritk\\target\\debug\\build\\bzip2-sys-318626a1d73b5b03\\out\\lib\\a9dc8ba631b1466a-crctable.o" "-c" "bzip2-1.0.8/crctable.c"
warning: bzip2-sys@0.1.13+1.0.8: ToolExecError: command did not execute successfully (status code exit code: 1): "gcc.exe" "-O0" "-ffunction-sections" "-fdata-sections" "-g" "-gdwarf-2" "-fno-omit-frame-pointer" "-m64" "-I" "bzip2-1.0.8" "-w" "-D_WIN32" "-DBZ_EXPORT" "-D_FILE_OFFSET_BITS=64" "-DBZ_NO_STDIO" "-o" "D:\\kwavers\\ritk\\target\\debug\\build\\bzip2-sys-318626a1d73b5b03\\out\\lib\\a9dc8ba631b1466a-randtable.o" "-c" "bzip2-1.0.8/randtable.c"
warning: bzip2-sys@0.1.13+1.0.8: ToolExecError: command did not execute successfully (status code exit code: 1): "gcc.exe" "-O0" "-ffunction-sections" "-fdata-sections" "-g" "-gdwarf-2" "-fno-omit-frame-pointer" "-m64" "-I" "bzip2-1.0.8" "-w" "-D_WIN32" "-DBZ_EXPORT" "-D_FILE_OFFSET_BITS=64" "-DBZ_NO_STDIO" "-o" "D:\\kwavers\\ritk\\target\\debug\\build\\bzip2-sys-318626a1d73b5b03\\out\\lib\\a9dc8ba631b1466a-compress.o" "-c" "bzip2-1.0.8/compress.c"
warning: bzip2-sys@0.1.13+1.0.8: ToolExecError: command did not execute successfully (status code exit code: 1): "gcc.exe" "-O0" "-ffunction-sections" "-fdata-sections" "-g" "-gdwarf-2" "-fno-omit-frame-pointer" "-m64" "-I" "bzip2-1.0.8" "-w" "-D_WIN32" "-DBZ_EXPORT" "-D_FILE_OFFSET_BITS=64" "-DBZ_NO_STDIO" "-o" "D:\\kwavers\\ritk\\target\\debug\\build\\bzip2-sys-318626a1d73b5b03\\out\\lib\\a9dc8ba631b1466a-decompress.o" "-c" "bzip2-1.0.8/decompress.c"
warning: bzip2-sys@0.1.13+1.0.8: ToolExecError: command did not execute successfully (status code exit code: 1): "gcc.exe" "-O0" "-ffunction-sections" "-fdata-sections" "-g" "-gdwarf-2" "-fno-omit-frame-pointer" "-m64" "-I" "bzip2-1.0.8" "-w" "-D_WIN32" "-DBZ_EXPORT" "-D_FILE_OFFSET_BITS=64" "-DBZ_NO_STDIO" "-o" "D:\\kwavers\\ritk\\target\\debug\\build\\bzip2-sys-318626a1d73b5b03\\out\\lib\\a9dc8ba631b1466a-bzlib.o" "-c" "bzip2-1.0.8/bzlib.c"
error: failed to run custom build command for `bzip2-sys v0.1.13+1.0.8`

Caused by:
  process didn't exit successfully: `D:\kwavers\ritk\target\debug\build\bzip2-sys-8dfd28635d0d2a5a\build-script-build` (exit code: 1)
  --- stdout
  OPT_LEVEL = Some(0)
  TARGET = Some(x86_64-pc-windows-gnu)
  CARGO_ENCODED_RUSTFLAGS = Some()
  HOST = Some(x86_64-pc-windows-gnu)
  cargo:rerun-if-env-changed=CC_x86_64-pc-windows-gnu
  CC_x86_64-pc-windows-gnu = None
  cargo:rerun-if-env-changed=CC_x86_64_pc_windows_gnu
  CC_x86_64_pc_windows_gnu = None
  cargo:rerun-if-env-changed=HOST_CC
  HOST_CC = None
  cargo:rerun-if-env-changed=CC
  CC = None
  cargo:rerun-if-env-changed=CC_ENABLE_DEBUG_OUTPUT
  cargo:warning=Compiler family detection failed due to error: ToolExecError: command did not execute successfully (status code exit code: 1): "gcc.exe" "-E" "D:\\kwavers\\ritk\\target\\debug\\build\\bzip2-sys-318626a1d73b5b03\\out\\lib\\12658241497576768739detect_compiler_family.c"
  RUSTC_WRAPPER = None
  cargo:rerun-if-env-changed=CRATE_CC_NO_DEFAULTS
  CRATE_CC_NO_DEFAULTS = None
  DEBUG = Some(true)
  CARGO_CFG_TARGET_FEATURE = Some(cmpxchg16b,fxsr,lahfsahf,sse,sse2,sse3,x87)
  cargo:rerun-if-env-changed=CFLAGS
  CFLAGS = None
  cargo:rerun-if-env-changed=HOST_CFLAGS
  HOST_CFLAGS = None
  cargo:rerun-if-env-changed=CFLAGS_x86_64_pc_windows_gnu
  CFLAGS_x86_64_pc_windows_gnu = None
  cargo:rerun-if-env-changed=CFLAGS_x86_64-pc-windows-gnu
  CFLAGS_x86_64-pc-windows-gnu = None
  cargo:warning=Compiler family detection failed due to error: ToolExecError: command did not execute successfully (status code exit code: 1): "gcc.exe" "-E" "D:\\kwavers\\ritk\\target\\debug\\build\\bzip2-sys-318626a1d73b5b03\\out\\lib\\10890386738410324202detect_compiler_family.c"
  exit code: 1
  cargo:warning=ToolExecError: command did not execute successfully (status code exit code: 1): "gcc.exe" "-O0" "-ffunction-sections" "-fdata-sections" "-g" "-gdwarf-2" "-fno-omit-frame-pointer" "-m64" "-I" "bzip2-1.0.8" "-w" "-D_WIN32" "-DBZ_EXPORT" "-D_FILE_OFFSET_BITS=64" "-DBZ_NO_STDIO" "-o" "D:\\kwavers\\ritk\\target\\debug\\build\\bzip2-sys-318626a1d73b5b03\\out\\lib\\a9dc8ba631b1466a-blocksort.o" "-c" "bzip2-1.0.8/blocksort.c"cargo:warning=Compiler family detection failed due to error: ToolExecError: command did not execute successfully (status code exit code: 1): "gcc.exe" "-E" "D:\\kwavers\\ritk\\target\\debug\\build\\bzip2-sys-318626a1d73b5b03\\out\\lib\\10461332335857120212detect_compiler_family.c"

  exit code: 1
  cargo:warning=ToolExecError: command did not execute successfully (status code exit code: 1): "gcc.exe" "-O0" "-ffunction-sections" "-fdata-sections" "-g" "-gdwarf-2" "-fno-omit-frame-pointer" "-m64" "-I" "bzip2-1.0.8" "-w" "-D_WIN32" "-DBZ_EXPORT" "-D_FILE_OFFSET_BITS=64" "-DBZ_NO_STDIO" "-o" "D:\\kwavers\\ritk\\target\\debug\\build\\bzip2-sys-318626a1d73b5b03\\out\\lib\\a9dc8ba631b1466a-huffman.o" "-c" "bzip2-1.0.8/huffman.c"cargo:warning=Compiler family detection failed due to error: ToolExecError: command did not execute successfully (status code exit code: 1): "gcc.exe" "-E" "D:\\kwavers\\ritk\\target\\debug\\build\\bzip2-sys-318626a1d73b5b03\\out\\lib\\16047153942704487574detect_compiler_family.c"
  cargo:warning=Compiler family detection failed due to error: ToolExecError: command did not execute successfully (status code exit code: 1): "gcc.exe" "-E" "D:\\kwavers\\ritk\\target\\debug\\build\\bzip2-sys-318626a1d73b5b03\\out\\lib\\9749646618107471946detect_compiler_family.c"
  cargo:warning=Compiler family detection failed due to error: ToolExecError: command did not execute successfully (status code exit code: 1): "gcc.exe" "-E" "D:\\kwavers\\ritk\\target\\debug\\build\\bzip2-sys-318626a1d73b5b03\\out\\lib\\10789905137754362993detect_compiler_family.c"
  cargo:warning=Compiler family detection failed due to error: ToolExecError: command did not execute successfully (status code exit code: 1): "gcc.exe" "-E" "D:\\kwavers\\ritk\\target\\debug\\build\\bzip2-sys-318626a1d73b5b03\\out\\lib\\9640175581078138758detect_compiler_family.c"

  exit code: 1
  cargo:warning=ToolExecError: command did not execute successfully (status code exit code: 1): "gcc.exe" "-O0" "-ffunction-sections" "-fdata-sections" "-g" "-gdwarf-2" "-fno-omit-frame-pointer" "-m64" "-I" "bzip2-1.0.8" "-w" "-D_WIN32" "-DBZ_EXPORT" "-D_FILE_OFFSET_BITS=64" "-DBZ_NO_STDIO" "-o" "D:\\kwavers\\ritk\\target\\debug\\build\\bzip2-sys-318626a1d73b5b03\\out\\lib\\a9dc8ba631b1466a-crctable.o" "-c" "bzip2-1.0.8/crctable.c"
  exit code: 1
  cargo:warning=ToolExecError: command did not execute successfully (status code exit code: 1): "gcc.exe" "-O0" "-ffunction-sections" "-fdata-sections" "-g" "-gdwarf-2" "-fno-omit-frame-pointer" "-m64" "-I" "bzip2-1.0.8" "-w" "-D_WIN32" "-DBZ_EXPORT" "-D_FILE_OFFSET_BITS=64" "-DBZ_NO_STDIO" "-o" "D:\\kwavers\\ritk\\target\\debug\\build\\bzip2-sys-318626a1d73b5b03\\out\\lib\\a9dc8ba631b1466a-randtable.o" "-c" "bzip2-1.0.8/randtable.c"
  exit code: 1
  cargo:warning=ToolExecError: command did not execute successfully (status code exit code: 1): "gcc.exe" "-O0" "-ffunction-sections" "-fdata-sections" "-g" "-gdwarf-2" "-fno-omit-frame-pointer" "-m64" "-I" "bzip2-1.0.8" "-w" "-D_WIN32" "-DBZ_EXPORT" "-D_FILE_OFFSET_BITS=64" "-DBZ_NO_STDIO" "-o" "D:\\kwavers\\ritk\\target\\debug\\build\\bzip2-sys-318626a1d73b5b03\\out\\lib\\a9dc8ba631b1466a-compress.o" "-c" "bzip2-1.0.8/compress.c"
  exit code: 1
  cargo:warning=ToolExecError: command did not execute successfully (status code exit code: 1): "gcc.exe" "-O0" "-ffunction-sections" "-fdata-sections" "-g" "-gdwarf-2" "-fno-omit-frame-pointer" "-m64" "-I" "bzip2-1.0.8" "-w" "-D_WIN32" "-DBZ_EXPORT" "-D_FILE_OFFSET_BITS=64" "-DBZ_NO_STDIO" "-o" "D:\\kwavers\\ritk\\target\\debug\\build\\bzip2-sys-318626a1d73b5b03\\out\\lib\\a9dc8ba631b1466a-decompress.o" "-c" "bzip2-1.0.8/decompress.c"
  exit code: 1
  cargo:warning=ToolExecError: command did not execute successfully (status code exit code: 1): "gcc.exe" "-O0" "-ffunction-sections" "-fdata-sections" "-g" "-gdwarf-2" "-fno-omit-frame-pointer" "-m64" "-I" "bzip2-1.0.8" "-w" "-D_WIN32" "-DBZ_EXPORT" "-D_FILE_OFFSET_BITS=64" "-DBZ_NO_STDIO" "-o" "D:\\kwavers\\ritk\\target\\debug\\build\\bzip2-sys-318626a1d73b5b03\\out\\lib\\a9dc8ba631b1466a-bzlib.o" "-c" "bzip2-1.0.8/bzlib.c"

  --- stderr


  error occurred in cc-rs: command did not execute successfully (status code exit code: 1): "gcc.exe" "-O0" "-ffunction-sections" "-fdata-sections" "-g" "-gdwarf-2" "-fno-omit-frame-pointer" "-m64" "-I" "bzip2-1.0.8" "-w" "-D_WIN32" "-DBZ_EXPORT" "-D_FILE_OFFSET_BITS=64" "-DBZ_NO_STDIO" "-o" "D:\\kwavers\\ritk\\target\\debug\\build\\bzip2-sys-318626a1d73b5b03\\out\\lib\\a9dc8ba631b1466a-bzlib.o" "-c" "bzip2-1.0.8/bzlib.c"


warning: build failed, waiting for other jobs to finish...
warning: zstd-sys@2.0.16+zstd.1.5.7: Compiler family detection failed due to error: ToolExecError: command did not execute successfully (status code exit code: 1): "gcc.exe" "-E" "D:\\kwavers\\ritk\\target\\debug\\build\\zstd-sys-1ab7914bd9048295\\out\\9114270396389005796detect_compiler_family.c"
warning: zstd-sys@2.0.16+zstd.1.5.7: Compiler family detection failed due to error: ToolExecError: command did not execute successfully (status code exit code: 1): "gcc.exe" "-E" "D:\\kwavers\\ritk\\target\\debug\\build\\zstd-sys-1ab7914bd9048295\\out\\6734077020200088152detect_compiler_family.c"
warning: zstd-sys@2.0.16+zstd.1.5.7: Compiler family detection failed due to error: ToolExecError: command did not execute successfully (status code exit code: 1): "gcc.exe" "-E" "D:\\kwavers\\ritk\\target\\debug\\build\\zstd-sys-1ab7914bd9048295\\out\\5721797002778980914detect_compiler_family.c"
warning: zstd-sys@2.0.16+zstd.1.5.7: Compiler family detection failed due to error: ToolExecError: command did not execute successfully (status code exit code: 1): "gcc.exe" "-E" "D:\\kwavers\\ritk\\target\\debug\\build\\zstd-sys-1ab7914bd9048295\\out\\16679388341838945689detect_compiler_family.c"
warning: zstd-sys@2.0.16+zstd.1.5.7: Compiler family detection failed due to error: ToolExecError: command did not execute successfully (status code exit code: 1): "gcc.exe" "-E" "D:\\kwavers\\ritk\\target\\debug\\build\\zstd-sys-1ab7914bd9048295\\out\\5021446501753807013detect_compiler_family.c"
warning: zstd-sys@2.0.16+zstd.1.5.7: Compiler family detection failed due to error: ToolExecError: command did not execute successfully (status code exit code: 1): "gcc.exe" "-E" "D:\\kwavers\\ritk\\target\\debug\\build\\zstd-sys-1ab7914bd9048295\\out\\11111799548771921844detect_compiler_family.c"
warning: zstd-sys@2.0.16+zstd.1.5.7: Compiler family detection failed due to error: ToolExecError: command did not execute successfully (status code exit code: 1): "gcc.exe" "-E" "D:\\kwavers\\ritk\\target\\debug\\build\\zstd-sys-1ab7914bd9048295\\out\\14021829462228077771detect_compiler_family.c"
warning: zstd-sys@2.0.16+zstd.1.5.7: Compiler family detection failed due to error: ToolExecError: command did not execute successfully (status code exit code: 1): "gcc.exe" "-E" "D:\\kwavers\\ritk\\target\\debug\\build\\zstd-sys-1ab7914bd9048295\\out\\1975294895896051472detect_compiler_family.c"
warning: zstd-sys@2.0.16+zstd.1.5.7: Compiler family detection failed due to error: ToolExecError: command did not execute successfully (status code exit code: 1): "gcc.exe" "-E" "D:\\kwavers\\ritk\\target\\debug\\build\\zstd-sys-1ab7914bd9048295\\out\\13364700473639874461detect_compiler_family.c"
warning: zstd-sys@2.0.16+zstd.1.5.7: Compiler family detection failed due to error: ToolExecError: command did not execute successfully (status code exit code: 1): "gcc.exe" "-E" "D:\\kwavers\\ritk\\target\\debug\\build\\zstd-sys-1ab7914bd9048295\\out\\12698976142662989050detect_compiler_family.c"
warning: zstd-sys@2.0.16+zstd.1.5.7: Compiler family detection failed due to error: ToolExecError: command did not execute successfully (status code exit code: 1): "gcc.exe" "-E" "D:\\kwavers\\ritk\\target\\debug\\build\\zstd-sys-1ab7914bd9048295\\out\\13294273095710786682detect_compiler_family.c"
warning: zstd-sys@2.0.16+zstd.1.5.7: Compiler family detection failed due to error: ToolExecError: command did not execute successfully (status code exit code: 1): "gcc.exe" "-E" "D:\\kwavers\\ritk\\target\\debug\\build\\zstd-sys-1ab7914bd9048295\\out\\15904541574978274448detect_compiler_family.c"
warning: zstd-sys@2.0.16+zstd.1.5.7: Compiler family detection failed due to error: ToolExecError: command did not execute successfully (status code exit code: 1): "gcc.exe" "-E" "D:\\kwavers\\ritk\\target\\debug\\build\\zstd-sys-1ab7914bd9048295\\out\\932969571159137115detect_compiler_family.c"
warning: zstd-sys@2.0.16+zstd.1.5.7: Compiler family detection failed due to error: ToolExecError: command did not execute successfully (status code exit code: 1): "gcc.exe" "-E" "D:\\kwavers\\ritk\\target\\debug\\build\\zstd-sys-1ab7914bd9048295\\out\\7601406835294028841detect_compiler_family.c"
warning: zstd-sys@2.0.16+zstd.1.5.7: Compiler family detection failed due to error: ToolExecError: command did not execute successfully (status code exit code: 1): "gcc.exe" "-E" "D:\\kwavers\\ritk\\target\\debug\\build\\zstd-sys-1ab7914bd9048295\\out\\15369065934304641115detect_compiler_family.c"
warning: zstd-sys@2.0.16+zstd.1.5.7: Compiler family detection failed due to error: ToolExecError: command did not execute successfully (status code exit code: 1): "gcc.exe" "-E" "D:\\kwavers\\ritk\\target\\debug\\build\\zstd-sys-1ab7914bd9048295\\out\\17220182464920738547detect_compiler_family.c"
warning: zstd-sys@2.0.16+zstd.1.5.7: Compiler family detection failed due to error: ToolExecError: command did not execute successfully (status code exit code: 1): "gcc.exe" "-E" "D:\\kwavers\\ritk\\target\\debug\\build\\zstd-sys-1ab7914bd9048295\\out\\5128170625062388637detect_compiler_family.c"
warning: zstd-sys@2.0.16+zstd.1.5.7: Compiler family detection failed due to error: ToolExecError: command did not execute successfully (status code exit code: 1): "gcc.exe" "-E" "D:\\kwavers\\ritk\\target\\debug\\build\\zstd-sys-1ab7914bd9048295\\out\\9185781601890248141detect_compiler_family.c"
warning: zstd-sys@2.0.16+zstd.1.5.7: Compiler family detection failed due to error: ToolExecError: command did not execute successfully (status code exit code: 1): "gcc.exe" "-E" "D:\\kwavers\\ritk\\target\\debug\\build\\zstd-sys-1ab7914bd9048295\\out\\15181475308094560319detect_compiler_family.c"
warning: zstd-sys@2.0.16+zstd.1.5.7: Compiler family detection failed due to error: ToolExecError: command did not execute successfully (status code exit code: 1): "gcc.exe" "-E" "D:\\kwavers\\ritk\\target\\debug\\build\\zstd-sys-1ab7914bd9048295\\out\\17194251368059745053detect_compiler_family.c"
warning: zstd-sys@2.0.16+zstd.1.5.7: Compiler family detection failed due to error: ToolExecError: command did not execute successfully (status code exit code: 1): "gcc.exe" "-E" "D:\\kwavers\\ritk\\target\\debug\\build\\zstd-sys-1ab7914bd9048295\\out\\12581237254348517046detect_compiler_family.c"
warning: zstd-sys@2.0.16+zstd.1.5.7: Compiler family detection failed due to error: ToolExecError: command did not execute successfully (status code exit code: 1): "gcc.exe" "-E" "D:\\kwavers\\ritk\\target\\debug\\build\\zstd-sys-1ab7914bd9048295\\out\\9338945096139443796detect_compiler_family.c"
warning: zstd-sys@2.0.16+zstd.1.5.7: Compiler family detection failed due to error: ToolExecError: command did not execute successfully (status code exit code: 1): "gcc.exe" "-E" "D:\\kwavers\\ritk\\target\\debug\\build\\zstd-sys-1ab7914bd9048295\\out\\6773173962993174095detect_compiler_family.c"
warning: zstd-sys@2.0.16+zstd.1.5.7: ToolExecError: command did not execute successfully (status code exit code: 1): "gcc.exe" "-O0" "-ffunction-sections" "-fdata-sections" "-g" "-gdwarf-2" "-fno-omit-frame-pointer" "-m64" "-I" "zstd/lib/" "-I" "zstd/lib/common" "-I" "zstd/lib/legacy" "-w" "-fvisibility=hidden" "-DZSTD_DISABLE_ASM=" "-DZSTD_LIB_DEPRECATED=0" "-DXXH_PRIVATE_API=" "-DZSTDLIB_VISIBILITY=" "-DZDICTLIB_VISIBILITY=" "-DZSTDERRORLIB_VISIBILITY=" "-DZSTD_LEGACY_SUPPORT=1" "-o" "D:\\kwavers\\ritk\\target\\debug\\build\\zstd-sys-1ab7914bd9048295\\out\\44ff4c55aa9e5133-debug.o" "-c" "zstd/lib/common\\debug.c"
warning: zstd-sys@2.0.16+zstd.1.5.7: ToolExecError: command did not execute successfully (status code exit code: 1): "gcc.exe" "-O0" "-ffunction-sections" "-fdata-sections" "-g" "-gdwarf-2" "-fno-omit-frame-pointer" "-m64" "-I" "zstd/lib/" "-I" "zstd/lib/common" "-I" "zstd/lib/legacy" "-w" "-fvisibility=hidden" "-DZSTD_DISABLE_ASM=" "-DZSTD_LIB_DEPRECATED=0" "-DXXH_PRIVATE_API=" "-DZSTDLIB_VISIBILITY=" "-DZDICTLIB_VISIBILITY=" "-DZSTDERRORLIB_VISIBILITY=" "-DZSTD_LEGACY_SUPPORT=1" "-o" "D:\\kwavers\\ritk\\target\\debug\\build\\zstd-sys-1ab7914bd9048295\\out\\44ff4c55aa9e5133-entropy_common.o" "-c" "zstd/lib/common\\entropy_common.c"
warning: zstd-sys@2.0.16+zstd.1.5.7: ToolExecError: command did not execute successfully (status code exit code: 1): "gcc.exe" "-O0" "-ffunction-sections" "-fdata-sections" "-g" "-gdwarf-2" "-fno-omit-frame-pointer" "-m64" "-I" "zstd/lib/" "-I" "zstd/lib/common" "-I" "zstd/lib/legacy" "-w" "-fvisibility=hidden" "-DZSTD_DISABLE_ASM=" "-DZSTD_LIB_DEPRECATED=0" "-DXXH_PRIVATE_API=" "-DZSTDLIB_VISIBILITY=" "-DZDICTLIB_VISIBILITY=" "-DZSTDERRORLIB_VISIBILITY=" "-DZSTD_LEGACY_SUPPORT=1" "-o" "D:\\kwavers\\ritk\\target\\debug\\build\\zstd-sys-1ab7914bd9048295\\out\\44ff4c55aa9e5133-error_private.o" "-c" "zstd/lib/common\\error_private.c"
warning: zstd-sys@2.0.16+zstd.1.5.7: ToolExecError: command did not execute successfully (status code exit code: 1): "gcc.exe" "-O0" "-ffunction-sections" "-fdata-sections" "-g" "-gdwarf-2" "-fno-omit-frame-pointer" "-m64" "-I" "zstd/lib/" "-I" "zstd/lib/common" "-I" "zstd/lib/legacy" "-w" "-fvisibility=hidden" "-DZSTD_DISABLE_ASM=" "-DZSTD_LIB_DEPRECATED=0" "-DXXH_PRIVATE_API=" "-DZSTDLIB_VISIBILITY=" "-DZDICTLIB_VISIBILITY=" "-DZSTDERRORLIB_VISIBILITY=" "-DZSTD_LEGACY_SUPPORT=1" "-o" "D:\\kwavers\\ritk\\target\\debug\\build\\zstd-sys-1ab7914bd9048295\\out\\44ff4c55aa9e5133-fse_decompress.o" "-c" "zstd/lib/common\\fse_decompress.c"
warning: zstd-sys@2.0.16+zstd.1.5.7: ToolExecError: command did not execute successfully (status code exit code: 1): "gcc.exe" "-O0" "-ffunction-sections" "-fdata-sections" "-g" "-gdwarf-2" "-fno-omit-frame-pointer" "-m64" "-I" "zstd/lib/" "-I" "zstd/lib/common" "-I" "zstd/lib/legacy" "-w" "-fvisibility=hidden" "-DZSTD_DISABLE_ASM=" "-DZSTD_LIB_DEPRECATED=0" "-DXXH_PRIVATE_API=" "-DZSTDLIB_VISIBILITY=" "-DZDICTLIB_VISIBILITY=" "-DZSTDERRORLIB_VISIBILITY=" "-DZSTD_LEGACY_SUPPORT=1" "-o" "D:\\kwavers\\ritk\\target\\debug\\build\\zstd-sys-1ab7914bd9048295\\out\\44ff4c55aa9e5133-pool.o" "-c" "zstd/lib/common\\pool.c"
warning: zstd-sys@2.0.16+zstd.1.5.7: ToolExecError: command did not execute successfully (status code exit code: 1): "gcc.exe" "-O0" "-ffunction-sections" "-fdata-sections" "-g" "-gdwarf-2" "-fno-omit-frame-pointer" "-m64" "-I" "zstd/lib/" "-I" "zstd/lib/common" "-I" "zstd/lib/legacy" "-w" "-fvisibility=hidden" "-DZSTD_DISABLE_ASM=" "-DZSTD_LIB_DEPRECATED=0" "-DXXH_PRIVATE_API=" "-DZSTDLIB_VISIBILITY=" "-DZDICTLIB_VISIBILITY=" "-DZSTDERRORLIB_VISIBILITY=" "-DZSTD_LEGACY_SUPPORT=1" "-o" "D:\\kwavers\\ritk\\target\\debug\\build\\zstd-sys-1ab7914bd9048295\\out\\44ff4c55aa9e5133-threading.o" "-c" "zstd/lib/common\\threading.c"
warning: zstd-sys@2.0.16+zstd.1.5.7: ToolExecError: command did not execute successfully (status code exit code: 1): "gcc.exe" "-O0" "-ffunction-sections" "-fdata-sections" "-g" "-gdwarf-2" "-fno-omit-frame-pointer" "-m64" "-I" "zstd/lib/" "-I" "zstd/lib/common" "-I" "zstd/lib/legacy" "-w" "-fvisibility=hidden" "-DZSTD_DISABLE_ASM=" "-DZSTD_LIB_DEPRECATED=0" "-DXXH_PRIVATE_API=" "-DZSTDLIB_VISIBILITY=" "-DZDICTLIB_VISIBILITY=" "-DZSTDERRORLIB_VISIBILITY=" "-DZSTD_LEGACY_SUPPORT=1" "-o" "D:\\kwavers\\ritk\\target\\debug\\build\\zstd-sys-1ab7914bd9048295\\out\\44ff4c55aa9e5133-zstd_common.o" "-c" "zstd/lib/common\\zstd_common.c"
warning: zstd-sys@2.0.16+zstd.1.5.7: ToolExecError: command did not execute successfully (status code exit code: 1): "gcc.exe" "-O0" "-ffunction-sections" "-fdata-sections" "-g" "-gdwarf-2" "-fno-omit-frame-pointer" "-m64" "-I" "zstd/lib/" "-I" "zstd/lib/common" "-I" "zstd/lib/legacy" "-w" "-fvisibility=hidden" "-DZSTD_DISABLE_ASM=" "-DZSTD_LIB_DEPRECATED=0" "-DXXH_PRIVATE_API=" "-DZSTDLIB_VISIBILITY=" "-DZDICTLIB_VISIBILITY=" "-DZSTDERRORLIB_VISIBILITY=" "-DZSTD_LEGACY_SUPPORT=1" "-o" "D:\\kwavers\\ritk\\target\\debug\\build\\zstd-sys-1ab7914bd9048295\\out\\fb80479a5fb81f6a-fse_compress.o" "-c" "zstd/lib/compress\\fse_compress.c"
warning: zstd-sys@2.0.16+zstd.1.5.7: ToolExecError: command did not execute successfully (status code exit code: 1): "gcc.exe" "-O0" "-ffunction-sections" "-fdata-sections" "-g" "-gdwarf-2" "-fno-omit-frame-pointer" "-m64" "-I" "zstd/lib/" "-I" "zstd/lib/common" "-I" "zstd/lib/legacy" "-w" "-fvisibility=hidden" "-DZSTD_DISABLE_ASM=" "-DZSTD_LIB_DEPRECATED=0" "-DXXH_PRIVATE_API=" "-DZSTDLIB_VISIBILITY=" "-DZDICTLIB_VISIBILITY=" "-DZSTDERRORLIB_VISIBILITY=" "-DZSTD_LEGACY_SUPPORT=1" "-o" "D:\\kwavers\\ritk\\target\\debug\\build\\zstd-sys-1ab7914bd9048295\\out\\fb80479a5fb81f6a-hist.o" "-c" "zstd/lib/compress\\hist.c"
warning: zstd-sys@2.0.16+zstd.1.5.7: ToolExecError: command did not execute successfully (status code exit code: 1): "gcc.exe" "-O0" "-ffunction-sections" "-fdata-sections" "-g" "-gdwarf-2" "-fno-omit-frame-pointer" "-m64" "-I" "zstd/lib/" "-I" "zstd/lib/common" "-I" "zstd/lib/legacy" "-w" "-fvisibility=hidden" "-DZSTD_DISABLE_ASM=" "-DZSTD_LIB_DEPRECATED=0" "-DXXH_PRIVATE_API=" "-DZSTDLIB_VISIBILITY=" "-DZDICTLIB_VISIBILITY=" "-DZSTDERRORLIB_VISIBILITY=" "-DZSTD_LEGACY_SUPPORT=1" "-o" "D:\\kwavers\\ritk\\target\\debug\\build\\zstd-sys-1ab7914bd9048295\\out\\fb80479a5fb81f6a-huf_compress.o" "-c" "zstd/lib/compress\\huf_compress.c"
warning: zstd-sys@2.0.16+zstd.1.5.7: ToolExecError: command did not execute successfully (status code exit code: 1): "gcc.exe" "-O0" "-ffunction-sections" "-fdata-sections" "-g" "-gdwarf-2" "-fno-omit-frame-pointer" "-m64" "-I" "zstd/lib/" "-I" "zstd/lib/common" "-I" "zstd/lib/legacy" "-w" "-fvisibility=hidden" "-DZSTD_DISABLE_ASM=" "-DZSTD_LIB_DEPRECATED=0" "-DXXH_PRIVATE_API=" "-DZSTDLIB_VISIBILITY=" "-DZDICTLIB_VISIBILITY=" "-DZSTDERRORLIB_VISIBILITY=" "-DZSTD_LEGACY_SUPPORT=1" "-o" "D:\\kwavers\\ritk\\target\\debug\\build\\zstd-sys-1ab7914bd9048295\\out\\fb80479a5fb81f6a-zstd_compress.o" "-c" "zstd/lib/compress\\zstd_compress.c"
warning: zstd-sys@2.0.16+zstd.1.5.7: ToolExecError: command did not execute successfully (status code exit code: 1): "gcc.exe" "-O0" "-ffunction-sections" "-fdata-sections" "-g" "-gdwarf-2" "-fno-omit-frame-pointer" "-m64" "-I" "zstd/lib/" "-I" "zstd/lib/common" "-I" "zstd/lib/legacy" "-w" "-fvisibility=hidden" "-DZSTD_DISABLE_ASM=" "-DZSTD_LIB_DEPRECATED=0" "-DXXH_PRIVATE_API=" "-DZSTDLIB_VISIBILITY=" "-DZDICTLIB_VISIBILITY=" "-DZSTDERRORLIB_VISIBILITY=" "-DZSTD_LEGACY_SUPPORT=1" "-o" "D:\\kwavers\\ritk\\target\\debug\\build\\zstd-sys-1ab7914bd9048295\\out\\fb80479a5fb81f6a-zstd_compress_literals.o" "-c" "zstd/lib/compress\\zstd_compress_literals.c"
warning: zstd-sys@2.0.16+zstd.1.5.7: ToolExecError: command did not execute successfully (status code exit code: 1): "gcc.exe" "-O0" "-ffunction-sections" "-fdata-sections" "-g" "-gdwarf-2" "-fno-omit-frame-pointer" "-m64" "-I" "zstd/lib/" "-I" "zstd/lib/common" "-I" "zstd/lib/legacy" "-w" "-fvisibility=hidden" "-DZSTD_DISABLE_ASM=" "-DZSTD_LIB_DEPRECATED=0" "-DXXH_PRIVATE_API=" "-DZSTDLIB_VISIBILITY=" "-DZDICTLIB_VISIBILITY=" "-DZSTDERRORLIB_VISIBILITY=" "-DZSTD_LEGACY_SUPPORT=1" "-o" "D:\\kwavers\\ritk\\target\\debug\\build\\zstd-sys-1ab7914bd9048295\\out\\fb80479a5fb81f6a-zstd_compress_sequences.o" "-c" "zstd/lib/compress\\zstd_compress_sequences.c"
warning: zstd-sys@2.0.16+zstd.1.5.7: ToolExecError: command did not execute successfully (status code exit code: 1): "gcc.exe" "-O0" "-ffunction-sections" "-fdata-sections" "-g" "-gdwarf-2" "-fno-omit-frame-pointer" "-m64" "-I" "zstd/lib/" "-I" "zstd/lib/common" "-I" "zstd/lib/legacy" "-w" "-fvisibility=hidden" "-DZSTD_DISABLE_ASM=" "-DZSTD_LIB_DEPRECATED=0" "-DXXH_PRIVATE_API=" "-DZSTDLIB_VISIBILITY=" "-DZDICTLIB_VISIBILITY=" "-DZSTDERRORLIB_VISIBILITY=" "-DZSTD_LEGACY_SUPPORT=1" "-o" "D:\\kwavers\\ritk\\target\\debug\\build\\zstd-sys-1ab7914bd9048295\\out\\fb80479a5fb81f6a-zstd_compress_superblock.o" "-c" "zstd/lib/compress\\zstd_compress_superblock.c"
warning: zstd-sys@2.0.16+zstd.1.5.7: ToolExecError: command did not execute successfully (status code exit code: 1): "gcc.exe" "-O0" "-ffunction-sections" "-fdata-sections" "-g" "-gdwarf-2" "-fno-omit-frame-pointer" "-m64" "-I" "zstd/lib/" "-I" "zstd/lib/common" "-I" "zstd/lib/legacy" "-w" "-fvisibility=hidden" "-DZSTD_DISABLE_ASM=" "-DZSTD_LIB_DEPRECATED=0" "-DXXH_PRIVATE_API=" "-DZSTDLIB_VISIBILITY=" "-DZDICTLIB_VISIBILITY=" "-DZSTDERRORLIB_VISIBILITY=" "-DZSTD_LEGACY_SUPPORT=1" "-o" "D:\\kwavers\\ritk\\target\\debug\\build\\zstd-sys-1ab7914bd9048295\\out\\fb80479a5fb81f6a-zstd_double_fast.o" "-c" "zstd/lib/compress\\zstd_double_fast.c"
warning: zstd-sys@2.0.16+zstd.1.5.7: ToolExecError: command did not execute successfully (status code exit code: 1): "gcc.exe" "-O0" "-ffunction-sections" "-fdata-sections" "-g" "-gdwarf-2" "-fno-omit-frame-pointer" "-m64" "-I" "zstd/lib/" "-I" "zstd/lib/common" "-I" "zstd/lib/legacy" "-w" "-fvisibility=hidden" "-DZSTD_DISABLE_ASM=" "-DZSTD_LIB_DEPRECATED=0" "-DXXH_PRIVATE_API=" "-DZSTDLIB_VISIBILITY=" "-DZDICTLIB_VISIBILITY=" "-DZSTDERRORLIB_VISIBILITY=" "-DZSTD_LEGACY_SUPPORT=1" "-o" "D:\\kwavers\\ritk\\target\\debug\\build\\zstd-sys-1ab7914bd9048295\\out\\fb80479a5fb81f6a-zstd_fast.o" "-c" "zstd/lib/compress\\zstd_fast.c"
warning: zstd-sys@2.0.16+zstd.1.5.7: ToolExecError: command did not execute successfully (status code exit code: 1): "gcc.exe" "-O0" "-ffunction-sections" "-fdata-sections" "-g" "-gdwarf-2" "-fno-omit-frame-pointer" "-m64" "-I" "zstd/lib/" "-I" "zstd/lib/common" "-I" "zstd/lib/legacy" "-w" "-fvisibility=hidden" "-DZSTD_DISABLE_ASM=" "-DZSTD_LIB_DEPRECATED=0" "-DXXH_PRIVATE_API=" "-DZSTDLIB_VISIBILITY=" "-DZDICTLIB_VISIBILITY=" "-DZSTDERRORLIB_VISIBILITY=" "-DZSTD_LEGACY_SUPPORT=1" "-o" "D:\\kwavers\\ritk\\target\\debug\\build\\zstd-sys-1ab7914bd9048295\\out\\fb80479a5fb81f6a-zstd_lazy.o" "-c" "zstd/lib/compress\\zstd_lazy.c"
warning: zstd-sys@2.0.16+zstd.1.5.7: ToolExecError: command did not execute successfully (status code exit code: 1): "gcc.exe" "-O0" "-ffunction-sections" "-fdata-sections" "-g" "-gdwarf-2" "-fno-omit-frame-pointer" "-m64" "-I" "zstd/lib/" "-I" "zstd/lib/common" "-I" "zstd/lib/legacy" "-w" "-fvisibility=hidden" "-DZSTD_DISABLE_ASM=" "-DZSTD_LIB_DEPRECATED=0" "-DXXH_PRIVATE_API=" "-DZSTDLIB_VISIBILITY=" "-DZDICTLIB_VISIBILITY=" "-DZSTDERRORLIB_VISIBILITY=" "-DZSTD_LEGACY_SUPPORT=1" "-o" "D:\\kwavers\\ritk\\target\\debug\\build\\zstd-sys-1ab7914bd9048295\\out\\fb80479a5fb81f6a-zstd_ldm.o" "-c" "zstd/lib/compress\\zstd_ldm.c"
warning: zstd-sys@2.0.16+zstd.1.5.7: ToolExecError: command did not execute successfully (status code exit code: 1): "gcc.exe" "-O0" "-ffunction-sections" "-fdata-sections" "-g" "-gdwarf-2" "-fno-omit-frame-pointer" "-m64" "-I" "zstd/lib/" "-I" "zstd/lib/common" "-I" "zstd/lib/legacy" "-w" "-fvisibility=hidden" "-DZSTD_DISABLE_ASM=" "-DZSTD_LIB_DEPRECATED=0" "-DXXH_PRIVATE_API=" "-DZSTDLIB_VISIBILITY=" "-DZDICTLIB_VISIBILITY=" "-DZSTDERRORLIB_VISIBILITY=" "-DZSTD_LEGACY_SUPPORT=1" "-o" "D:\\kwavers\\ritk\\target\\debug\\build\\zstd-sys-1ab7914bd9048295\\out\\fb80479a5fb81f6a-zstd_opt.o" "-c" "zstd/lib/compress\\zstd_opt.c"cargo:warning=Compiler family detection failed due to error: ToolExecError: command did not execute successfully (status code exit code: 1): "gcc.exe" "-E" "D:\\kwavers\\ritk\\target\\debug\\build\\zstd-sys-1ab7914bd9048295\\out\\17188260903753698728detect_compiler_family.c"
warning: zstd-sys@2.0.16+zstd.1.5.7: Compiler family detection failed due to error: ToolExecError: command did not execute successfully (status code exit code: 1): "gcc.exe" "-E" "D:\\kwavers\\ritk\\target\\debug\\build\\zstd-sys-1ab7914bd9048295\\out\\15235422552629343870detect_compiler_family.c"
warning: zstd-sys@2.0.16+zstd.1.5.7: Compiler family detection failed due to error: ToolExecError: command did not execute successfully (status code exit code: 1): "gcc.exe" "-E" "D:\\kwavers\\ritk\\target\\debug\\build\\zstd-sys-1ab7914bd9048295\\out\\8429580194472074944detect_compiler_family.c"
warning: zstd-sys@2.0.16+zstd.1.5.7: Compiler family detection failed due to error: ToolExecError: command did not execute successfully (status code exit code: 1): "gcc.exe" "-E" "D:\\kwavers\\ritk\\target\\debug\\build\\zstd-sys-1ab7914bd9048295\\out\\9169733629229478583detect_compiler_family.c"
warning: zstd-sys@2.0.16+zstd.1.5.7: Compiler family detection failed due to error: ToolExecError: command did not execute successfully (status code exit code: 1): "gcc.exe" "-E" "D:\\kwavers\\ritk\\target\\debug\\build\\zstd-sys-1ab7914bd9048295\\out\\3495037823220372183detect_compiler_family.c"
warning: zstd-sys@2.0.16+zstd.1.5.7: Compiler family detection failed due to error: ToolExecError: command did not execute successfully (status code exit code: 1): "gcc.exe" "-E" "D:\\kwavers\\ritk\\target\\debug\\build\\zstd-sys-1ab7914bd9048295\\out\\16417814492161141639detect_compiler_family.c"
warning: zstd-sys@2.0.16+zstd.1.5.7: Compiler family detection failed due to error: ToolExecError: command did not execute successfully (status code exit code: 1): "gcc.exe" "-E" "D:\\kwavers\\ritk\\target\\debug\\build\\zstd-sys-1ab7914bd9048295\\out\\12136461344899690131detect_compiler_family.c"
warning: zstd-sys@2.0.16+zstd.1.5.7: Compiler family detection failed due to error: ToolExecError: command did not execute successfully (status code exit code: 1): "gcc.exe" "-E" "D:\\kwavers\\ritk\\target\\debug\\build\\zstd-sys-1ab7914bd9048295\\out\\1838001922716435121detect_compiler_family.c"
warning: zstd-sys@2.0.16+zstd.1.5.7: Compiler family detection failed due to error: ToolExecError: command did not execute successfully (status code exit code: 1): "gcc.exe" "-E" "D:\\kwavers\\ritk\\target\\debug\\build\\zstd-sys-1ab7914bd9048295\\out\\14204966222691145086detect_compiler_family.c"
warning: zstd-sys@2.0.16+zstd.1.5.7: Compiler family detection failed due to error: ToolExecError: command did not execute successfully (status code exit code: 1): "gcc.exe" "-E" "D:\\kwavers\\ritk\\target\\debug\\build\\zstd-sys-1ab7914bd9048295\\out\\14538387692201138563detect_compiler_family.c"
warning: zstd-sys@2.0.16+zstd.1.5.7: Compiler family detection failed due to error: ToolExecError: command did not execute successfully (status code exit code: 1): "gcc.exe" "-E" "D:\\kwavers\\ritk\\target\\debug\\build\\zstd-sys-1ab7914bd9048295\\out\\14839281136591929843detect_compiler_family.c"
warning: zstd-sys@2.0.16+zstd.1.5.7: Compiler family detection failed due to error: ToolExecError: command did not execute successfully (status code exit code: 1): "gcc.exe" "-E" "D:\\kwavers\\ritk\\target\\debug\\build\\zstd-sys-1ab7914bd9048295\\out\\16590232578120862118detect_compiler_family.c"
warning: zstd-sys@2.0.16+zstd.1.5.7: Compiler family detection failed due to error: ToolExecError: command did not execute successfully (status code exit code: 1): "gcc.exe" "-E" "D:\\kwavers\\ritk\\target\\debug\\build\\zstd-sys-1ab7914bd9048295\\out\\17634290870862349040detect_compiler_family.c"
warning: zstd-sys@2.0.16+zstd.1.5.7: Compiler family detection failed due to error: ToolExecError: command did not execute successfully (status code exit code: 1): "gcc.exe" "-E" "D:\\kwavers\\ritk\\target\\debug\\build\\zstd-sys-1ab7914bd9048295\\out\\6292648464828239375detect_compiler_family.c"
warning: zstd-sys@2.0.16+zstd.1.5.7: Compiler family detection failed due to error: ToolExecError: command did not execute successfully (status code exit code: 1): "gcc.exe" "-E" "D:\\kwavers\\ritk\\target\\debug\\build\\zstd-sys-1ab7914bd9048295\\out\\1616504454901263657detect_compiler_family.c"
warning: zstd-sys@2.0.16+zstd.1.5.7: Compiler family detection failed due to error: ToolExecError: command did not execute successfully (status code exit code: 1): "gcc.exe" "-E" "D:\\kwavers\\ritk\\target\\debug\\build\\zstd-sys-1ab7914bd9048295\\out\\15479922733054079649detect_compiler_family.c"
warning: zstd-sys@2.0.16+zstd.1.5.7: ToolExecError: command did not execute successfully (status code exit code: 1): "gcc.exe" "-O0" "-ffunction-sections" "-fdata-sections" "-g" "-gdwarf-2" "-fno-omit-frame-pointer" "-m64" "-I" "zstd/lib/" "-I" "zstd/lib/common" "-I" "zstd/lib/legacy" "-w" "-fvisibility=hidden" "-DZSTD_DISABLE_ASM=" "-DZSTD_LIB_DEPRECATED=0" "-DXXH_PRIVATE_API=" "-DZSTDLIB_VISIBILITY=" "-DZDICTLIB_VISIBILITY=" "-DZSTDERRORLIB_VISIBILITY=" "-DZSTD_LEGACY_SUPPORT=1" "-o" "D:\\kwavers\\ritk\\target\\debug\\build\\zstd-sys-1ab7914bd9048295\\out\\fb80479a5fb81f6a-zstd_preSplit.o" "-c" "zstd/lib/compress\\zstd_preSplit.c"
warning: zstd-sys@2.0.16+zstd.1.5.7: ToolExecError: command did not execute successfully (status code exit code: 1): "gcc.exe" "-O0" "-ffunction-sections" "-fdata-sections" "-g" "-gdwarf-2" "-fno-omit-frame-pointer" "-m64" "-I" "zstd/lib/" "-I" "zstd/lib/common" "-I" "zstd/lib/legacy" "-w" "-fvisibility=hidden" "-DZSTD_DISABLE_ASM=" "-DZSTD_LIB_DEPRECATED=0" "-DXXH_PRIVATE_API=" "-DZSTDLIB_VISIBILITY=" "-DZDICTLIB_VISIBILITY=" "-DZSTDERRORLIB_VISIBILITY=" "-DZSTD_LEGACY_SUPPORT=1" "-o" "D:\\kwavers\\ritk\\target\\debug\\build\\zstd-sys-1ab7914bd9048295\\out\\fb80479a5fb81f6a-zstdmt_compress.o" "-c" "zstd/lib/compress\\zstdmt_compress.c"
warning: zstd-sys@2.0.16+zstd.1.5.7: ToolExecError: command did not execute successfully (status code exit code: 1): "gcc.exe" "-O0" "-ffunction-sections" "-fdata-sections" "-g" "-gdwarf-2" "-fno-omit-frame-pointer" "-m64" "-I" "zstd/lib/" "-I" "zstd/lib/common" "-I" "zstd/lib/legacy" "-w" "-fvisibility=hidden" "-DZSTD_DISABLE_ASM=" "-DZSTD_LIB_DEPRECATED=0" "-DXXH_PRIVATE_API=" "-DZSTDLIB_VISIBILITY=" "-DZDICTLIB_VISIBILITY=" "-DZSTDERRORLIB_VISIBILITY=" "-DZSTD_LEGACY_SUPPORT=1" "-o" "D:\\kwavers\\ritk\\target\\debug\\build\\zstd-sys-1ab7914bd9048295\\out\\88f362f13b0528ed-huf_decompress.o" "-c" "zstd/lib/decompress\\huf_decompress.c"
warning: zstd-sys@2.0.16+zstd.1.5.7: ToolExecError: command did not execute successfully (status code exit code: 1): "gcc.exe" "-O0" "-ffunction-sections" "-fdata-sections" "-g" "-gdwarf-2" "-fno-omit-frame-pointer" "-m64" "-I" "zstd/lib/" "-I" "zstd/lib/common" "-I" "zstd/lib/legacy" "-w" "-fvisibility=hidden" "-DZSTD_DISABLE_ASM=" "-DZSTD_LIB_DEPRECATED=0" "-DXXH_PRIVATE_API=" "-DZSTDLIB_VISIBILITY=" "-DZDICTLIB_VISIBILITY=" "-DZSTDERRORLIB_VISIBILITY=" "-DZSTD_LEGACY_SUPPORT=1" "-o" "D:\\kwavers\\ritk\\target\\debug\\build\\zstd-sys-1ab7914bd9048295\\out\\88f362f13b0528ed-zstd_ddict.o" "-c" "zstd/lib/decompress\\zstd_ddict.c"
warning: zstd-sys@2.0.16+zstd.1.5.7: ToolExecError: command did not execute successfully (status code exit code: 1): "gcc.exe" "-O0" "-ffunction-sections" "-fdata-sections" "-g" "-gdwarf-2" "-fno-omit-frame-pointer" "-m64" "-I" "zstd/lib/" "-I" "zstd/lib/common" "-I" "zstd/lib/legacy" "-w" "-fvisibility=hidden" "-DZSTD_DISABLE_ASM=" "-DZSTD_LIB_DEPRECATED=0" "-DXXH_PRIVATE_API=" "-DZSTDLIB_VISIBILITY=" "-DZDICTLIB_VISIBILITY=" "-DZSTDERRORLIB_VISIBILITY=" "-DZSTD_LEGACY_SUPPORT=1" "-o" "D:\\kwavers\\ritk\\target\\debug\\build\\zstd-sys-1ab7914bd9048295\\out\\88f362f13b0528ed-zstd_decompress.o" "-c" "zstd/lib/decompress\\zstd_decompress.c"
warning: zstd-sys@2.0.16+zstd.1.5.7: ToolExecError: command did not execute successfully (status code exit code: 1): "gcc.exe" "-O0" "-ffunction-sections" "-fdata-sections" "-g" "-gdwarf-2" "-fno-omit-frame-pointer" "-m64" "-I" "zstd/lib/" "-I" "zstd/lib/common" "-I" "zstd/lib/legacy" "-w" "-fvisibility=hidden" "-DZSTD_DISABLE_ASM=" "-DZSTD_LIB_DEPRECATED=0" "-DXXH_PRIVATE_API=" "-DZSTDLIB_VISIBILITY=" "-DZDICTLIB_VISIBILITY=" "-DZSTDERRORLIB_VISIBILITY=" "-DZSTD_LEGACY_SUPPORT=1" "-o" "D:\\kwavers\\ritk\\target\\debug\\build\\zstd-sys-1ab7914bd9048295\\out\\88f362f13b0528ed-zstd_decompress_block.o" "-c" "zstd/lib/decompress\\zstd_decompress_block.c"
warning: zstd-sys@2.0.16+zstd.1.5.7: ToolExecError: command did not execute successfully (status code exit code: 1): "gcc.exe" "-O0" "-ffunction-sections" "-fdata-sections" "-g" "-gdwarf-2" "-fno-omit-frame-pointer" "-m64" "-I" "zstd/lib/" "-I" "zstd/lib/common" "-I" "zstd/lib/legacy" "-w" "-fvisibility=hidden" "-DZSTD_DISABLE_ASM=" "-DZSTD_LIB_DEPRECATED=0" "-DXXH_PRIVATE_API=" "-DZSTDLIB_VISIBILITY=" "-DZDICTLIB_VISIBILITY=" "-DZSTDERRORLIB_VISIBILITY=" "-DZSTD_LEGACY_SUPPORT=1" "-o" "D:\\kwavers\\ritk\\target\\debug\\build\\zstd-sys-1ab7914bd9048295\\out\\a6c81c75fc82913a-cover.o" "-c" "zstd/lib/dictBuilder\\cover.c"
warning: zstd-sys@2.0.16+zstd.1.5.7: ToolExecError: command did not execute successfully (status code exit code: 1): "gcc.exe" "-O0" "-ffunction-sections" "-fdata-sections" "-g" "-gdwarf-2" "-fno-omit-frame-pointer" "-m64" "-I" "zstd/lib/" "-I" "zstd/lib/common" "-I" "zstd/lib/legacy" "-w" "-fvisibility=hidden" "-DZSTD_DISABLE_ASM=" "-DZSTD_LIB_DEPRECATED=0" "-DXXH_PRIVATE_API=" "-DZSTDLIB_VISIBILITY=" "-DZDICTLIB_VISIBILITY=" "-DZSTDERRORLIB_VISIBILITY=" "-DZSTD_LEGACY_SUPPORT=1" "-o" "D:\\kwavers\\ritk\\target\\debug\\build\\zstd-sys-1ab7914bd9048295\\out\\a6c81c75fc82913a-divsufsort.o" "-c" "zstd/lib/dictBuilder\\divsufsort.c"
warning: zstd-sys@2.0.16+zstd.1.5.7: ToolExecError: command did not execute successfully (status code exit code: 1): "gcc.exe" "-O0" "-ffunction-sections" "-fdata-sections" "-g" "-gdwarf-2" "-fno-omit-frame-pointer" "-m64" "-I" "zstd/lib/" "-I" "zstd/lib/common" "-I" "zstd/lib/legacy" "-w" "-fvisibility=hidden" "-DZSTD_DISABLE_ASM=" "-DZSTD_LIB_DEPRECATED=0" "-DXXH_PRIVATE_API=" "-DZSTDLIB_VISIBILITY=" "-DZDICTLIB_VISIBILITY=" "-DZSTDERRORLIB_VISIBILITY=" "-DZSTD_LEGACY_SUPPORT=1" "-o" "D:\\kwavers\\ritk\\target\\debug\\build\\zstd-sys-1ab7914bd9048295\\out\\a6c81c75fc82913a-fastcover.o" "-c" "zstd/lib/dictBuilder\\fastcover.c"
warning: zstd-sys@2.0.16+zstd.1.5.7: ToolExecError: command did not execute successfully (status code exit code: 1): "gcc.exe" "-O0" "-ffunction-sections" "-fdata-sections" "-g" "-gdwarf-2" "-fno-omit-frame-pointer" "-m64" "-I" "zstd/lib/" "-I" "zstd/lib/common" "-I" "zstd/lib/legacy" "-w" "-fvisibility=hidden" "-DZSTD_DISABLE_ASM=" "-DZSTD_LIB_DEPRECATED=0" "-DXXH_PRIVATE_API=" "-DZSTDLIB_VISIBILITY=" "-DZDICTLIB_VISIBILITY=" "-DZSTDERRORLIB_VISIBILITY=" "-DZSTD_LEGACY_SUPPORT=1" "-o" "D:\\kwavers\\ritk\\target\\debug\\build\\zstd-sys-1ab7914bd9048295\\out\\a6c81c75fc82913a-zdict.o" "-c" "zstd/lib/dictBuilder\\zdict.c"
warning: zstd-sys@2.0.16+zstd.1.5.7: ToolExecError: command did not execute successfully (status code exit code: 1): "gcc.exe" "-O0" "-ffunction-sections" "-fdata-sections" "-g" "-gdwarf-2" "-fno-omit-frame-pointer" "-m64" "-I" "zstd/lib/" "-I" "zstd/lib/common" "-I" "zstd/lib/legacy" "-w" "-fvisibility=hidden" "-DZSTD_DISABLE_ASM=" "-DZSTD_LIB_DEPRECATED=0" "-DXXH_PRIVATE_API=" "-DZSTDLIB_VISIBILITY=" "-DZDICTLIB_VISIBILITY=" "-DZSTDERRORLIB_VISIBILITY=" "-DZSTD_LEGACY_SUPPORT=1" "-o" "D:\\kwavers\\ritk\\target\\debug\\build\\zstd-sys-1ab7914bd9048295\\out\\3f451b2306bc13c8-zstd_v01.o" "-c" "zstd/lib/legacy\\zstd_v01.c"
warning: zstd-sys@2.0.16+zstd.1.5.7: ToolExecError: command did not execute successfully (status code exit code: 1): "gcc.exe" "-O0" "-ffunction-sections" "-fdata-sections" "-g" "-gdwarf-2" "-fno-omit-frame-pointer" "-m64" "-I" "zstd/lib/" "-I" "zstd/lib/common" "-I" "zstd/lib/legacy" "-w" "-fvisibility=hidden" "-DZSTD_DISABLE_ASM=" "-DZSTD_LIB_DEPRECATED=0" "-DXXH_PRIVATE_API=" "-DZSTDLIB_VISIBILITY=" "-DZDICTLIB_VISIBILITY=" "-DZSTDERRORLIB_VISIBILITY=" "-DZSTD_LEGACY_SUPPORT=1" "-o" "D:\\kwavers\\ritk\\target\\debug\\build\\zstd-sys-1ab7914bd9048295\\out\\3f451b2306bc13c8-zstd_v02.o" "-c" "zstd/lib/legacy\\zstd_v02.c"
warning: zstd-sys@2.0.16+zstd.1.5.7: ToolExecError: command did not execute successfully (status code exit code: 1): "gcc.exe" "-O0" "-ffunction-sections" "-fdata-sections" "-g" "-gdwarf-2" "-fno-omit-frame-pointer" "-m64" "-I" "zstd/lib/" "-I" "zstd/lib/common" "-I" "zstd/lib/legacy" "-w" "-fvisibility=hidden" "-DZSTD_DISABLE_ASM=" "-DZSTD_LIB_DEPRECATED=0" "-DXXH_PRIVATE_API=" "-DZSTDLIB_VISIBILITY=" "-DZDICTLIB_VISIBILITY=" "-DZSTDERRORLIB_VISIBILITY=" "-DZSTD_LEGACY_SUPPORT=1" "-o" "D:\\kwavers\\ritk\\target\\debug\\build\\zstd-sys-1ab7914bd9048295\\out\\3f451b2306bc13c8-zstd_v03.o" "-c" "zstd/lib/legacy\\zstd_v03.c"
warning: zstd-sys@2.0.16+zstd.1.5.7: ToolExecError: command did not execute successfully (status code exit code: 1): "gcc.exe" "-O0" "-ffunction-sections" "-fdata-sections" "-g" "-gdwarf-2" "-fno-omit-frame-pointer" "-m64" "-I" "zstd/lib/" "-I" "zstd/lib/common" "-I" "zstd/lib/legacy" "-w" "-fvisibility=hidden" "-DZSTD_DISABLE_ASM=" "-DZSTD_LIB_DEPRECATED=0" "-DXXH_PRIVATE_API=" "-DZSTDLIB_VISIBILITY=" "-DZDICTLIB_VISIBILITY=" "-DZSTDERRORLIB_VISIBILITY=" "-DZSTD_LEGACY_SUPPORT=1" "-o" "D:\\kwavers\\ritk\\target\\debug\\build\\zstd-sys-1ab7914bd9048295\\out\\3f451b2306bc13c8-zstd_v04.o" "-c" "zstd/lib/legacy\\zstd_v04.c"
warning: zstd-sys@2.0.16+zstd.1.5.7: ToolExecError: command did not execute successfully (status code exit code: 1): "gcc.exe" "-O0" "-ffunction-sections" "-fdata-sections" "-g" "-gdwarf-2" "-fno-omit-frame-pointer" "-m64" "-I" "zstd/lib/" "-I" "zstd/lib/common" "-I" "zstd/lib/legacy" "-w" "-fvisibility=hidden" "-DZSTD_DISABLE_ASM=" "-DZSTD_LIB_DEPRECATED=0" "-DXXH_PRIVATE_API=" "-DZSTDLIB_VISIBILITY=" "-DZDICTLIB_VISIBILITY=" "-DZSTDERRORLIB_VISIBILITY=" "-DZSTD_LEGACY_SUPPORT=1" "-o" "D:\\kwavers\\ritk\\target\\debug\\build\\zstd-sys-1ab7914bd9048295\\out\\3f451b2306bc13c8-zstd_v05.o" "-c" "zstd/lib/legacy\\zstd_v05.c"
warning: zstd-sys@2.0.16+zstd.1.5.7: ToolExecError: command did not execute successfully (status code exit code: 1): "gcc.exe" "-O0" "-ffunction-sections" "-fdata-sections" "-g" "-gdwarf-2" "-fno-omit-frame-pointer" "-m64" "-I" "zstd/lib/" "-I" "zstd/lib/common" "-I" "zstd/lib/legacy" "-w" "-fvisibility=hidden" "-DZSTD_DISABLE_ASM=" "-DZSTD_LIB_DEPRECATED=0" "-DXXH_PRIVATE_API=" "-DZSTDLIB_VISIBILITY=" "-DZDICTLIB_VISIBILITY=" "-DZSTDERRORLIB_VISIBILITY=" "-DZSTD_LEGACY_SUPPORT=1" "-o" "D:\\kwavers\\ritk\\target\\debug\\build\\zstd-sys-1ab7914bd9048295\\out\\3f451b2306bc13c8-zstd_v06.o" "-c" "zstd/lib/legacy\\zstd_v06.c"
warning: zstd-sys@2.0.16+zstd.1.5.7: ToolExecError: command did not execute successfully (status code exit code: 1): "gcc.exe" "-O0" "-ffunction-sections" "-fdata-sections" "-g" "-gdwarf-2" "-fno-omit-frame-pointer" "-m64" "-I" "zstd/lib/" "-I" "zstd/lib/common" "-I" "zstd/lib/legacy" "-w" "-fvisibility=hidden" "-DZSTD_DISABLE_ASM=" "-DZSTD_LIB_DEPRECATED=0" "-DXXH_PRIVATE_API=" "-DZSTDLIB_VISIBILITY=" "-DZDICTLIB_VISIBILITY=" "-DZSTDERRORLIB_VISIBILITY=" "-DZSTD_LEGACY_SUPPORT=1" "-o" "D:\\kwavers\\ritk\\target\\debug\\build\\zstd-sys-1ab7914bd9048295\\out\\3f451b2306bc13c8-zstd_v07.o" "-c" "zstd/lib/legacy\\zstd_v07.c"
error: failed to run custom build command for `zstd-sys v2.0.16+zstd.1.5.7`

Caused by:
  process didn't exit successfully: `D:\kwavers\ritk\target\debug\build\zstd-sys-01c5bb56f4ade937\build-script-build` (exit code: 1)
  --- stdout
  cargo:rerun-if-env-changed=ZSTD_SYS_USE_PKG_CONFIG
  OUT_DIR = Some(D:\kwavers\ritk\target\debug\build\zstd-sys-1ab7914bd9048295\out)
  OPT_LEVEL = Some(0)
  TARGET = Some(x86_64-pc-windows-gnu)
  CARGO_ENCODED_RUSTFLAGS = Some()
  HOST = Some(x86_64-pc-windows-gnu)
  cargo:rerun-if-env-changed=CC_x86_64-pc-windows-gnu
  CC_x86_64-pc-windows-gnu = None
  cargo:rerun-if-env-changed=CC_x86_64_pc_windows_gnu
  CC_x86_64_pc_windows_gnu = None
  cargo:rerun-if-env-changed=HOST_CC
  HOST_CC = None
  cargo:rerun-if-env-changed=CC
  CC = None
  cargo:rerun-if-env-changed=CC_ENABLE_DEBUG_OUTPUT
  cargo:warning=Compiler family detection failed due to error: ToolExecError: command did not execute successfully (status code exit code: 1): "gcc.exe" "-E" "D:\\kwavers\\ritk\\target\\debug\\build\\zstd-sys-1ab7914bd9048295\\out\\9114270396389005796detect_compiler_family.c"
  RUSTC_WRAPPER = None
  cargo:rerun-if-env-changed=CRATE_CC_NO_DEFAULTS
  CRATE_CC_NO_DEFAULTS = None
  DEBUG = Some(true)
  CARGO_CFG_TARGET_FEATURE = Some(cmpxchg16b,fxsr,lahfsahf,sse,sse2,sse3,x87)
  cargo:rerun-if-env-changed=CFLAGS
  CFLAGS = None
  cargo:rerun-if-env-changed=HOST_CFLAGS
  HOST_CFLAGS = None
  cargo:rerun-if-env-changed=CFLAGS_x86_64_pc_windows_gnu
  CFLAGS_x86_64_pc_windows_gnu = None
  cargo:rerun-if-env-changed=CFLAGS_x86_64-pc-windows-gnu
  CFLAGS_x86_64-pc-windows-gnu = None
  OUT_DIR = Some(D:\kwavers\ritk\target\debug\build\zstd-sys-1ab7914bd9048295\out)
  cargo:rerun-if-env-changed=CC_ENABLE_DEBUG_OUTPUT
  cargo:warning=Compiler family detection failed due to error: ToolExecError: command did not execute successfully (status code exit code: 1): "gcc.exe" "-E" "D:\\kwavers\\ritk\\target\\debug\\build\\zstd-sys-1ab7914bd9048295\\out\\6734077020200088152detect_compiler_family.c"
  cargo:rerun-if-env-changed=CRATE_CC_NO_DEFAULTS
  CRATE_CC_NO_DEFAULTS = None
  TARGET = Some(x86_64-pc-windows-gnu)
  CARGO_CFG_TARGET_FEATURE = Some(cmpxchg16b,fxsr,lahfsahf,sse,sse2,sse3,x87)
  HOST = Some(x86_64-pc-windows-gnu)
  cargo:rerun-if-env-changed=CFLAGS
  CFLAGS = None
  cargo:rerun-if-env-changed=HOST_CFLAGS
  HOST_CFLAGS = None
  cargo:rerun-if-env-changed=CFLAGS_x86_64_pc_windows_gnu
  CFLAGS_x86_64_pc_windows_gnu = None
  cargo:rerun-if-env-changed=CFLAGS_x86_64-pc-windows-gnu
  CFLAGS_x86_64-pc-windows-gnu = None
  OUT_DIR = Some(D:\kwavers\ritk\target\debug\build\zstd-sys-1ab7914bd9048295\out)
  cargo:rerun-if-env-changed=CC_ENABLE_DEBUG_OUTPUT
  cargo:warning=Compiler family detection failed due to error: ToolExecError: command did not execute successfully (status code exit code: 1): "gcc.exe" "-E" "D:\\kwavers\\ritk\\target\\debug\\build\\zstd-sys-1ab7914bd9048295\\out\\5721797002778980914detect_compiler_family.c"
  cargo:rerun-if-env-changed=CRATE_CC_NO_DEFAULTS
  CRATE_CC_NO_DEFAULTS = None
  TARGET = Some(x86_64-pc-windows-gnu)
  CARGO_CFG_TARGET_FEATURE = Some(cmpxchg16b,fxsr,lahfsahf,sse,sse2,sse3,x87)
  HOST = Some(x86_64-pc-windows-gnu)
  cargo:rerun-if-env-changed=CFLAGS
  CFLAGS = None
  cargo:rerun-if-env-changed=HOST_CFLAGS
  HOST_CFLAGS = None
  cargo:rerun-if-env-changed=CFLAGS_x86_64_pc_windows_gnu
  CFLAGS_x86_64_pc_windows_gnu = None
  cargo:rerun-if-env-changed=CFLAGS_x86_64-pc-windows-gnu
  CFLAGS_x86_64-pc-windows-gnu = None
  OUT_DIR = Some(D:\kwavers\ritk\target\debug\build\zstd-sys-1ab7914bd9048295\out)
  cargo:rerun-if-env-changed=CC_ENABLE_DEBUG_OUTPUT
  cargo:warning=Compiler family detection failed due to error: ToolExecError: command did not execute successfully (status code exit code: 1): "gcc.exe" "-E" "D:\\kwavers\\ritk\\target\\debug\\build\\zstd-sys-1ab7914bd9048295\\out\\16679388341838945689detect_compiler_family.c"
  cargo:rerun-if-env-changed=CRATE_CC_NO_DEFAULTS
  CRATE_CC_NO_DEFAULTS = None
  TARGET = Some(x86_64-pc-windows-gnu)
  CARGO_CFG_TARGET_FEATURE = Some(cmpxchg16b,fxsr,lahfsahf,sse,sse2,sse3,x87)
  HOST = Some(x86_64-pc-windows-gnu)
  cargo:rerun-if-env-changed=CFLAGS
  CFLAGS = None
  cargo:rerun-if-env-changed=HOST_CFLAGS
  HOST_CFLAGS = None
  cargo:rerun-if-env-changed=CFLAGS_x86_64_pc_windows_gnu
  CFLAGS_x86_64_pc_windows_gnu = None
  cargo:rerun-if-env-changed=CFLAGS_x86_64-pc-windows-gnu
  CFLAGS_x86_64-pc-windows-gnu = None
  cargo:warning=Compiler family detection failed due to error: ToolExecError: command did not execute successfully (status code exit code: 1): "gcc.exe" "-E" "D:\\kwavers\\ritk\\target\\debug\\build\\zstd-sys-1ab7914bd9048295\\out\\5021446501753807013detect_compiler_family.c"
  cargo:warning=Compiler family detection failed due to error: ToolExecError: command did not execute successfully (status code exit code: 1): "gcc.exe" "-E" "D:\\kwavers\\ritk\\target\\debug\\build\\zstd-sys-1ab7914bd9048295\\out\\11111799548771921844detect_compiler_family.c"
  cargo:warning=Compiler family detection failed due to error: ToolExecError: command did not execute successfully (status code exit code: 1): "gcc.exe" "-E" "D:\\kwavers\\ritk\\target\\debug\\build\\zstd-sys-1ab7914bd9048295\\out\\14021829462228077771detect_compiler_family.c"
  cargo:warning=Compiler family detection failed due to error: ToolExecError: command did not execute successfully (status code exit code: 1): "gcc.exe" "-E" "D:\\kwavers\\ritk\\target\\debug\\build\\zstd-sys-1ab7914bd9048295\\out\\1975294895896051472detect_compiler_family.c"
  cargo:warning=Compiler family detection failed due to error: ToolExecError: command did not execute successfully (status code exit code: 1): "gcc.exe" "-E" "D:\\kwavers\\ritk\\target\\debug\\build\\zstd-sys-1ab7914bd9048295\\out\\13364700473639874461detect_compiler_family.c"
  cargo:warning=Compiler family detection failed due to error: ToolExecError: command did not execute successfully (status code exit code: 1): "gcc.exe" "-E" "D:\\kwavers\\ritk\\target\\debug\\build\\zstd-sys-1ab7914bd9048295\\out\\12698976142662989050detect_compiler_family.c"
  cargo:warning=Compiler family detection failed due to error: ToolExecError: command did not execute successfully (status code exit code: 1): "gcc.exe" "-E" "D:\\kwavers\\ritk\\target\\debug\\build\\zstd-sys-1ab7914bd9048295\\out\\13294273095710786682detect_compiler_family.c"
  cargo:warning=Compiler family detection failed due to error: ToolExecError: command did not execute successfully (status code exit code: 1): "gcc.exe" "-E" "D:\\kwavers\\ritk\\target\\debug\\build\\zstd-sys-1ab7914bd9048295\\out\\15904541574978274448detect_compiler_family.c"
  cargo:warning=Compiler family detection failed due to error: ToolExecError: command did not execute successfully (status code exit code: 1): "gcc.exe" "-E" "D:\\kwavers\\ritk\\target\\debug\\build\\zstd-sys-1ab7914bd9048295\\out\\932969571159137115detect_compiler_family.c"
  cargo:warning=Compiler family detection failed due to error: ToolExecError: command did not execute successfully (status code exit code: 1): "gcc.exe" "-E" "D:\\kwavers\\ritk\\target\\debug\\build\\zstd-sys-1ab7914bd9048295\\out\\7601406835294028841detect_compiler_family.c"
  cargo:warning=Compiler family detection failed due to error: ToolExecError: command did not execute successfully (status code exit code: 1): "gcc.exe" "-E" "D:\\kwavers\\ritk\\target\\debug\\build\\zstd-sys-1ab7914bd9048295\\out\\15369065934304641115detect_compiler_family.c"
  cargo:warning=Compiler family detection failed due to error: ToolExecError: command did not execute successfully (status code exit code: 1): "gcc.exe" "-E" "D:\\kwavers\\ritk\\target\\debug\\build\\zstd-sys-1ab7914bd9048295\\out\\17220182464920738547detect_compiler_family.c"
  cargo:warning=Compiler family detection failed due to error: ToolExecError: command did not execute successfully (status code exit code: 1): "gcc.exe" "-E" "D:\\kwavers\\ritk\\target\\debug\\build\\zstd-sys-1ab7914bd9048295\\out\\5128170625062388637detect_compiler_family.c"
  cargo:warning=Compiler family detection failed due to error: ToolExecError: command did not execute successfully (status code exit code: 1): "gcc.exe" "-E" "D:\\kwavers\\ritk\\target\\debug\\build\\zstd-sys-1ab7914bd9048295\\out\\9185781601890248141detect_compiler_family.c"
  cargo:warning=Compiler family detection failed due to error: ToolExecError: command did not execute successfully (status code exit code: 1): "gcc.exe" "-E" "D:\\kwavers\\ritk\\target\\debug\\build\\zstd-sys-1ab7914bd9048295\\out\\15181475308094560319detect_compiler_family.c"
  cargo:warning=Compiler family detection failed due to error: ToolExecError: command did not execute successfully (status code exit code: 1): "gcc.exe" "-E" "D:\\kwavers\\ritk\\target\\debug\\build\\zstd-sys-1ab7914bd9048295\\out\\17194251368059745053detect_compiler_family.c"
  cargo:warning=Compiler family detection failed due to error: ToolExecError: command did not execute successfully (status code exit code: 1): "gcc.exe" "-E" "D:\\kwavers\\ritk\\target\\debug\\build\\zstd-sys-1ab7914bd9048295\\out\\12581237254348517046detect_compiler_family.c"
  cargo:warning=Compiler family detection failed due to error: ToolExecError: command did not execute successfully (status code exit code: 1): "gcc.exe" "-E" "D:\\kwavers\\ritk\\target\\debug\\build\\zstd-sys-1ab7914bd9048295\\out\\9338945096139443796detect_compiler_family.c"
  cargo:warning=Compiler family detection failed due to error: ToolExecError: command did not execute successfully (status code exit code: 1): "gcc.exe" "-E" "D:\\kwavers\\ritk\\target\\debug\\build\\zstd-sys-1ab7914bd9048295\\out\\6773173962993174095detect_compiler_family.c"
  exit code: 1
  cargo:warning=ToolExecError: command did not execute successfully (status code exit code: 1): "gcc.exe" "-O0" "-ffunction-sections" "-fdata-sections" "-g" "-gdwarf-2" "-fno-omit-frame-pointer" "-m64" "-I" "zstd/lib/" "-I" "zstd/lib/common" "-I" "zstd/lib/legacy" "-w" "-fvisibility=hidden" "-DZSTD_DISABLE_ASM=" "-DZSTD_LIB_DEPRECATED=0" "-DXXH_PRIVATE_API=" "-DZSTDLIB_VISIBILITY=" "-DZDICTLIB_VISIBILITY=" "-DZSTDERRORLIB_VISIBILITY=" "-DZSTD_LEGACY_SUPPORT=1" "-o" "D:\\kwavers\\ritk\\target\\debug\\build\\zstd-sys-1ab7914bd9048295\\out\\44ff4c55aa9e5133-debug.o" "-c" "zstd/lib/common\\debug.c"
  exit code: 1
  cargo:warning=ToolExecError: command did not execute successfully (status code exit code: 1): "gcc.exe" "-O0" "-ffunction-sections" "-fdata-sections" "-g" "-gdwarf-2" "-fno-omit-frame-pointer" "-m64" "-I" "zstd/lib/" "-I" "zstd/lib/common" "-I" "zstd/lib/legacy" "-w" "-fvisibility=hidden" "-DZSTD_DISABLE_ASM=" "-DZSTD_LIB_DEPRECATED=0" "-DXXH_PRIVATE_API=" "-DZSTDLIB_VISIBILITY=" "-DZDICTLIB_VISIBILITY=" "-DZSTDERRORLIB_VISIBILITY=" "-DZSTD_LEGACY_SUPPORT=1" "-o" "D:\\kwavers\\ritk\\target\\debug\\build\\zstd-sys-1ab7914bd9048295\\out\\44ff4c55aa9e5133-entropy_common.o" "-c" "zstd/lib/common\\entropy_common.c"
  exit code: 1
  cargo:warning=ToolExecError: command did not execute successfully (status code exit code: 1): "gcc.exe" "-O0" "-ffunction-sections" "-fdata-sections" "-g" "-gdwarf-2" "-fno-omit-frame-pointer" "-m64" "-I" "zstd/lib/" "-I" "zstd/lib/common" "-I" "zstd/lib/legacy" "-w" "-fvisibility=hidden" "-DZSTD_DISABLE_ASM=" "-DZSTD_LIB_DEPRECATED=0" "-DXXH_PRIVATE_API=" "-DZSTDLIB_VISIBILITY=" "-DZDICTLIB_VISIBILITY=" "-DZSTDERRORLIB_VISIBILITY=" "-DZSTD_LEGACY_SUPPORT=1" "-o" "D:\\kwavers\\ritk\\target\\debug\\build\\zstd-sys-1ab7914bd9048295\\out\\44ff4c55aa9e5133-error_private.o" "-c" "zstd/lib/common\\error_private.c"
  exit code: 1
  cargo:warning=ToolExecError: command did not execute successfully (status code exit code: 1): "gcc.exe" "-O0" "-ffunction-sections" "-fdata-sections" "-g" "-gdwarf-2" "-fno-omit-frame-pointer" "-m64" "-I" "zstd/lib/" "-I" "zstd/lib/common" "-I" "zstd/lib/legacy" "-w" "-fvisibility=hidden" "-DZSTD_DISABLE_ASM=" "-DZSTD_LIB_DEPRECATED=0" "-DXXH_PRIVATE_API=" "-DZSTDLIB_VISIBILITY=" "-DZDICTLIB_VISIBILITY=" "-DZSTDERRORLIB_VISIBILITY=" "-DZSTD_LEGACY_SUPPORT=1" "-o" "D:\\kwavers\\ritk\\target\\debug\\build\\zstd-sys-1ab7914bd9048295\\out\\44ff4c55aa9e5133-fse_decompress.o" "-c" "zstd/lib/common\\fse_decompress.c"
  exit code: 1
  cargo:warning=ToolExecError: command did not execute successfully (status code exit code: 1): "gcc.exe" "-O0" "-ffunction-sections" "-fdata-sections" "-g" "-gdwarf-2" "-fno-omit-frame-pointer" "-m64" "-I" "zstd/lib/" "-I" "zstd/lib/common" "-I" "zstd/lib/legacy" "-w" "-fvisibility=hidden" "-DZSTD_DISABLE_ASM=" "-DZSTD_LIB_DEPRECATED=0" "-DXXH_PRIVATE_API=" "-DZSTDLIB_VISIBILITY=" "-DZDICTLIB_VISIBILITY=" "-DZSTDERRORLIB_VISIBILITY=" "-DZSTD_LEGACY_SUPPORT=1" "-o" "D:\\kwavers\\ritk\\target\\debug\\build\\zstd-sys-1ab7914bd9048295\\out\\44ff4c55aa9e5133-pool.o" "-c" "zstd/lib/common\\pool.c"
  exit code: 1
  cargo:warning=ToolExecError: command did not execute successfully (status code exit code: 1): "gcc.exe" "-O0" "-ffunction-sections" "-fdata-sections" "-g" "-gdwarf-2" "-fno-omit-frame-pointer" "-m64" "-I" "zstd/lib/" "-I" "zstd/lib/common" "-I" "zstd/lib/legacy" "-w" "-fvisibility=hidden" "-DZSTD_DISABLE_ASM=" "-DZSTD_LIB_DEPRECATED=0" "-DXXH_PRIVATE_API=" "-DZSTDLIB_VISIBILITY=" "-DZDICTLIB_VISIBILITY=" "-DZSTDERRORLIB_VISIBILITY=" "-DZSTD_LEGACY_SUPPORT=1" "-o" "D:\\kwavers\\ritk\\target\\debug\\build\\zstd-sys-1ab7914bd9048295\\out\\44ff4c55aa9e5133-threading.o" "-c" "zstd/lib/common\\threading.c"
  exit code: 1
  cargo:warning=ToolExecError: command did not execute successfully (status code exit code: 1): "gcc.exe" "-O0" "-ffunction-sections" "-fdata-sections" "-g" "-gdwarf-2" "-fno-omit-frame-pointer" "-m64" "-I" "zstd/lib/" "-I" "zstd/lib/common" "-I" "zstd/lib/legacy" "-w" "-fvisibility=hidden" "-DZSTD_DISABLE_ASM=" "-DZSTD_LIB_DEPRECATED=0" "-DXXH_PRIVATE_API=" "-DZSTDLIB_VISIBILITY=" "-DZDICTLIB_VISIBILITY=" "-DZSTDERRORLIB_VISIBILITY=" "-DZSTD_LEGACY_SUPPORT=1" "-o" "D:\\kwavers\\ritk\\target\\debug\\build\\zstd-sys-1ab7914bd9048295\\out\\44ff4c55aa9e5133-zstd_common.o" "-c" "zstd/lib/common\\zstd_common.c"
  exit code: 1
  cargo:warning=ToolExecError: command did not execute successfully (status code exit code: 1): "gcc.exe" "-O0" "-ffunction-sections" "-fdata-sections" "-g" "-gdwarf-2" "-fno-omit-frame-pointer" "-m64" "-I" "zstd/lib/" "-I" "zstd/lib/common" "-I" "zstd/lib/legacy" "-w" "-fvisibility=hidden" "-DZSTD_DISABLE_ASM=" "-DZSTD_LIB_DEPRECATED=0" "-DXXH_PRIVATE_API=" "-DZSTDLIB_VISIBILITY=" "-DZDICTLIB_VISIBILITY=" "-DZSTDERRORLIB_VISIBILITY=" "-DZSTD_LEGACY_SUPPORT=1" "-o" "D:\\kwavers\\ritk\\target\\debug\\build\\zstd-sys-1ab7914bd9048295\\out\\fb80479a5fb81f6a-fse_compress.o" "-c" "zstd/lib/compress\\fse_compress.c"
  exit code: 1
  cargo:warning=ToolExecError: command did not execute successfully (status code exit code: 1): "gcc.exe" "-O0" "-ffunction-sections" "-fdata-sections" "-g" "-gdwarf-2" "-fno-omit-frame-pointer" "-m64" "-I" "zstd/lib/" "-I" "zstd/lib/common" "-I" "zstd/lib/legacy" "-w" "-fvisibility=hidden" "-DZSTD_DISABLE_ASM=" "-DZSTD_LIB_DEPRECATED=0" "-DXXH_PRIVATE_API=" "-DZSTDLIB_VISIBILITY=" "-DZDICTLIB_VISIBILITY=" "-DZSTDERRORLIB_VISIBILITY=" "-DZSTD_LEGACY_SUPPORT=1" "-o" "D:\\kwavers\\ritk\\target\\debug\\build\\zstd-sys-1ab7914bd9048295\\out\\fb80479a5fb81f6a-hist.o" "-c" "zstd/lib/compress\\hist.c"
  exit code: 1
  cargo:warning=ToolExecError: command did not execute successfully (status code exit code: 1): "gcc.exe" "-O0" "-ffunction-sections" "-fdata-sections" "-g" "-gdwarf-2" "-fno-omit-frame-pointer" "-m64" "-I" "zstd/lib/" "-I" "zstd/lib/common" "-I" "zstd/lib/legacy" "-w" "-fvisibility=hidden" "-DZSTD_DISABLE_ASM=" "-DZSTD_LIB_DEPRECATED=0" "-DXXH_PRIVATE_API=" "-DZSTDLIB_VISIBILITY=" "-DZDICTLIB_VISIBILITY=" "-DZSTDERRORLIB_VISIBILITY=" "-DZSTD_LEGACY_SUPPORT=1" "-o" "D:\\kwavers\\ritk\\target\\debug\\build\\zstd-sys-1ab7914bd9048295\\out\\fb80479a5fb81f6a-huf_compress.o" "-c" "zstd/lib/compress\\huf_compress.c"
  exit code: 1
  cargo:warning=ToolExecError: command did not execute successfully (status code exit code: 1): "gcc.exe" "-O0" "-ffunction-sections" "-fdata-sections" "-g" "-gdwarf-2" "-fno-omit-frame-pointer" "-m64" "-I" "zstd/lib/" "-I" "zstd/lib/common" "-I" "zstd/lib/legacy" "-w" "-fvisibility=hidden" "-DZSTD_DISABLE_ASM=" "-DZSTD_LIB_DEPRECATED=0" "-DXXH_PRIVATE_API=" "-DZSTDLIB_VISIBILITY=" "-DZDICTLIB_VISIBILITY=" "-DZSTDERRORLIB_VISIBILITY=" "-DZSTD_LEGACY_SUPPORT=1" "-o" "D:\\kwavers\\ritk\\target\\debug\\build\\zstd-sys-1ab7914bd9048295\\out\\fb80479a5fb81f6a-zstd_compress.o" "-c" "zstd/lib/compress\\zstd_compress.c"
  exit code: 1
  cargo:warning=ToolExecError: command did not execute successfully (status code exit code: 1): "gcc.exe" "-O0" "-ffunction-sections" "-fdata-sections" "-g" "-gdwarf-2" "-fno-omit-frame-pointer" "-m64" "-I" "zstd/lib/" "-I" "zstd/lib/common" "-I" "zstd/lib/legacy" "-w" "-fvisibility=hidden" "-DZSTD_DISABLE_ASM=" "-DZSTD_LIB_DEPRECATED=0" "-DXXH_PRIVATE_API=" "-DZSTDLIB_VISIBILITY=" "-DZDICTLIB_VISIBILITY=" "-DZSTDERRORLIB_VISIBILITY=" "-DZSTD_LEGACY_SUPPORT=1" "-o" "D:\\kwavers\\ritk\\target\\debug\\build\\zstd-sys-1ab7914bd9048295\\out\\fb80479a5fb81f6a-zstd_compress_literals.o" "-c" "zstd/lib/compress\\zstd_compress_literals.c"
  exit code: 1
  cargo:warning=ToolExecError: command did not execute successfully (status code exit code: 1): "gcc.exe" "-O0" "-ffunction-sections" "-fdata-sections" "-g" "-gdwarf-2" "-fno-omit-frame-pointer" "-m64" "-I" "zstd/lib/" "-I" "zstd/lib/common" "-I" "zstd/lib/legacy" "-w" "-fvisibility=hidden" "-DZSTD_DISABLE_ASM=" "-DZSTD_LIB_DEPRECATED=0" "-DXXH_PRIVATE_API=" "-DZSTDLIB_VISIBILITY=" "-DZDICTLIB_VISIBILITY=" "-DZSTDERRORLIB_VISIBILITY=" "-DZSTD_LEGACY_SUPPORT=1" "-o" "D:\\kwavers\\ritk\\target\\debug\\build\\zstd-sys-1ab7914bd9048295\\out\\fb80479a5fb81f6a-zstd_compress_sequences.o" "-c" "zstd/lib/compress\\zstd_compress_sequences.c"
  exit code: 1
  cargo:warning=ToolExecError: command did not execute successfully (status code exit code: 1): "gcc.exe" "-O0" "-ffunction-sections" "-fdata-sections" "-g" "-gdwarf-2" "-fno-omit-frame-pointer" "-m64" "-I" "zstd/lib/" "-I" "zstd/lib/common" "-I" "zstd/lib/legacy" "-w" "-fvisibility=hidden" "-DZSTD_DISABLE_ASM=" "-DZSTD_LIB_DEPRECATED=0" "-DXXH_PRIVATE_API=" "-DZSTDLIB_VISIBILITY=" "-DZDICTLIB_VISIBILITY=" "-DZSTDERRORLIB_VISIBILITY=" "-DZSTD_LEGACY_SUPPORT=1" "-o" "D:\\kwavers\\ritk\\target\\debug\\build\\zstd-sys-1ab7914bd9048295\\out\\fb80479a5fb81f6a-zstd_compress_superblock.o" "-c" "zstd/lib/compress\\zstd_compress_superblock.c"
  exit code: 1
  cargo:warning=ToolExecError: command did not execute successfully (status code exit code: 1): "gcc.exe" "-O0" "-ffunction-sections" "-fdata-sections" "-g" "-gdwarf-2" "-fno-omit-frame-pointer" "-m64" "-I" "zstd/lib/" "-I" "zstd/lib/common" "-I" "zstd/lib/legacy" "-w" "-fvisibility=hidden" "-DZSTD_DISABLE_ASM=" "-DZSTD_LIB_DEPRECATED=0" "-DXXH_PRIVATE_API=" "-DZSTDLIB_VISIBILITY=" "-DZDICTLIB_VISIBILITY=" "-DZSTDERRORLIB_VISIBILITY=" "-DZSTD_LEGACY_SUPPORT=1" "-o" "D:\\kwavers\\ritk\\target\\debug\\build\\zstd-sys-1ab7914bd9048295\\out\\fb80479a5fb81f6a-zstd_double_fast.o" "-c" "zstd/lib/compress\\zstd_double_fast.c"
  exit code: 1
  cargo:warning=ToolExecError: command did not execute successfully (status code exit code: 1): "gcc.exe" "-O0" "-ffunction-sections" "-fdata-sections" "-g" "-gdwarf-2" "-fno-omit-frame-pointer" "-m64" "-I" "zstd/lib/" "-I" "zstd/lib/common" "-I" "zstd/lib/legacy" "-w" "-fvisibility=hidden" "-DZSTD_DISABLE_ASM=" "-DZSTD_LIB_DEPRECATED=0" "-DXXH_PRIVATE_API=" "-DZSTDLIB_VISIBILITY=" "-DZDICTLIB_VISIBILITY=" "-DZSTDERRORLIB_VISIBILITY=" "-DZSTD_LEGACY_SUPPORT=1" "-o" "D:\\kwavers\\ritk\\target\\debug\\build\\zstd-sys-1ab7914bd9048295\\out\\fb80479a5fb81f6a-zstd_fast.o" "-c" "zstd/lib/compress\\zstd_fast.c"
  exit code: 1
  cargo:warning=ToolExecError: command did not execute successfully (status code exit code: 1): "gcc.exe" "-O0" "-ffunction-sections" "-fdata-sections" "-g" "-gdwarf-2" "-fno-omit-frame-pointer" "-m64" "-I" "zstd/lib/" "-I" "zstd/lib/common" "-I" "zstd/lib/legacy" "-w" "-fvisibility=hidden" "-DZSTD_DISABLE_ASM=" "-DZSTD_LIB_DEPRECATED=0" "-DXXH_PRIVATE_API=" "-DZSTDLIB_VISIBILITY=" "-DZDICTLIB_VISIBILITY=" "-DZSTDERRORLIB_VISIBILITY=" "-DZSTD_LEGACY_SUPPORT=1" "-o" "D:\\kwavers\\ritk\\target\\debug\\build\\zstd-sys-1ab7914bd9048295\\out\\fb80479a5fb81f6a-zstd_lazy.o" "-c" "zstd/lib/compress\\zstd_lazy.c"
  exit code: 1
  cargo:warning=ToolExecError: command did not execute successfully (status code exit code: 1): "gcc.exe" "-O0" "-ffunction-sections" "-fdata-sections" "-g" "-gdwarf-2" "-fno-omit-frame-pointer" "-m64" "-I" "zstd/lib/" "-I" "zstd/lib/common" "-I" "zstd/lib/legacy" "-w" "-fvisibility=hidden" "-DZSTD_DISABLE_ASM=" "-DZSTD_LIB_DEPRECATED=0" "-DXXH_PRIVATE_API=" "-DZSTDLIB_VISIBILITY=" "-DZDICTLIB_VISIBILITY=" "-DZSTDERRORLIB_VISIBILITY=" "-DZSTD_LEGACY_SUPPORT=1" "-o" "D:\\kwavers\\ritk\\target\\debug\\build\\zstd-sys-1ab7914bd9048295\\out\\fb80479a5fb81f6a-zstd_ldm.o" "-c" "zstd/lib/compress\\zstd_ldm.c"
  exit code: 1
  cargo:warning=ToolExecError: command did not execute successfully (status code exit code: 1): "gcc.exe" "-O0" "-ffunction-sections" "-fdata-sections" "-g" "-gdwarf-2" "-fno-omit-frame-pointer" "-m64" "-I" "zstd/lib/" "-I" "zstd/lib/common" "-I" "zstd/lib/legacy" "-w" "-fvisibility=hidden" "-DZSTD_DISABLE_ASM=" "-DZSTD_LIB_DEPRECATED=0" "-DXXH_PRIVATE_API=" "-DZSTDLIB_VISIBILITY=" "-DZDICTLIB_VISIBILITY=" "-DZSTDERRORLIB_VISIBILITY=" "-DZSTD_LEGACY_SUPPORT=1" "-o" "D:\\kwavers\\ritk\\target\\debug\\build\\zstd-sys-1ab7914bd9048295\\out\\fb80479a5fb81f6a-zstd_opt.o" "-c" "zstd/lib/compress\\zstd_opt.c"cargo:warning=Compiler family detection failed due to error: ToolExecError: command did not execute successfully (status code exit code: 1): "gcc.exe" "-E" "D:\\kwavers\\ritk\\target\\debug\\build\\zstd-sys-1ab7914bd9048295\\out\\17188260903753698728detect_compiler_family.c"
  cargo:warning=Compiler family detection failed due to error: ToolExecError: command did not execute successfully (status code exit code: 1): "gcc.exe" "-E" "D:\\kwavers\\ritk\\target\\debug\\build\\zstd-sys-1ab7914bd9048295\\out\\15235422552629343870detect_compiler_family.c"
  cargo:warning=Compiler family detection failed due to error: ToolExecError: command did not execute successfully (status code exit code: 1): "gcc.exe" "-E" "D:\\kwavers\\ritk\\target\\debug\\build\\zstd-sys-1ab7914bd9048295\\out\\8429580194472074944detect_compiler_family.c"
  cargo:warning=Compiler family detection failed due to error: ToolExecError: command did not execute successfully (status code exit code: 1): "gcc.exe" "-E" "D:\\kwavers\\ritk\\target\\debug\\build\\zstd-sys-1ab7914bd9048295\\out\\9169733629229478583detect_compiler_family.c"
  cargo:warning=Compiler family detection failed due to error: ToolExecError: command did not execute successfully (status code exit code: 1): "gcc.exe" "-E" "D:\\kwavers\\ritk\\target\\debug\\build\\zstd-sys-1ab7914bd9048295\\out\\3495037823220372183detect_compiler_family.c"
  cargo:warning=Compiler family detection failed due to error: ToolExecError: command did not execute successfully (status code exit code: 1): "gcc.exe" "-E" "D:\\kwavers\\ritk\\target\\debug\\build\\zstd-sys-1ab7914bd9048295\\out\\16417814492161141639detect_compiler_family.c"
  cargo:warning=Compiler family detection failed due to error: ToolExecError: command did not execute successfully (status code exit code: 1): "gcc.exe" "-E" "D:\\kwavers\\ritk\\target\\debug\\build\\zstd-sys-1ab7914bd9048295\\out\\12136461344899690131detect_compiler_family.c"
  cargo:warning=Compiler family detection failed due to error: ToolExecError: command did not execute successfully (status code exit code: 1): "gcc.exe" "-E" "D:\\kwavers\\ritk\\target\\debug\\build\\zstd-sys-1ab7914bd9048295\\out\\1838001922716435121detect_compiler_family.c"
  cargo:warning=Compiler family detection failed due to error: ToolExecError: command did not execute successfully (status code exit code: 1): "gcc.exe" "-E" "D:\\kwavers\\ritk\\target\\debug\\build\\zstd-sys-1ab7914bd9048295\\out\\14204966222691145086detect_compiler_family.c"
  cargo:warning=Compiler family detection failed due to error: ToolExecError: command did not execute successfully (status code exit code: 1): "gcc.exe" "-E" "D:\\kwavers\\ritk\\target\\debug\\build\\zstd-sys-1ab7914bd9048295\\out\\14538387692201138563detect_compiler_family.c"
  cargo:warning=Compiler family detection failed due to error: ToolExecError: command did not execute successfully (status code exit code: 1): "gcc.exe" "-E" "D:\\kwavers\\ritk\\target\\debug\\build\\zstd-sys-1ab7914bd9048295\\out\\14839281136591929843detect_compiler_family.c"
  cargo:warning=Compiler family detection failed due to error: ToolExecError: command did not execute successfully (status code exit code: 1): "gcc.exe" "-E" "D:\\kwavers\\ritk\\target\\debug\\build\\zstd-sys-1ab7914bd9048295\\out\\16590232578120862118detect_compiler_family.c"
  cargo:warning=Compiler family detection failed due to error: ToolExecError: command did not execute successfully (status code exit code: 1): "gcc.exe" "-E" "D:\\kwavers\\ritk\\target\\debug\\build\\zstd-sys-1ab7914bd9048295\\out\\17634290870862349040detect_compiler_family.c"
  cargo:warning=Compiler family detection failed due to error: ToolExecError: command did not execute successfully (status code exit code: 1): "gcc.exe" "-E" "D:\\kwavers\\ritk\\target\\debug\\build\\zstd-sys-1ab7914bd9048295\\out\\6292648464828239375detect_compiler_family.c"
  cargo:warning=Compiler family detection failed due to error: ToolExecError: command did not execute successfully (status code exit code: 1): "gcc.exe" "-E" "D:\\kwavers\\ritk\\target\\debug\\build\\zstd-sys-1ab7914bd9048295\\out\\1616504454901263657detect_compiler_family.c"
  cargo:warning=Compiler family detection failed due to error: ToolExecError: command did not execute successfully (status code exit code: 1): "gcc.exe" "-E" "D:\\kwavers\\ritk\\target\\debug\\build\\zstd-sys-1ab7914bd9048295\\out\\15479922733054079649detect_compiler_family.c"

  exit code: 1
  cargo:warning=ToolExecError: command did not execute successfully (status code exit code: 1): "gcc.exe" "-O0" "-ffunction-sections" "-fdata-sections" "-g" "-gdwarf-2" "-fno-omit-frame-pointer" "-m64" "-I" "zstd/lib/" "-I" "zstd/lib/common" "-I" "zstd/lib/legacy" "-w" "-fvisibility=hidden" "-DZSTD_DISABLE_ASM=" "-DZSTD_LIB_DEPRECATED=0" "-DXXH_PRIVATE_API=" "-DZSTDLIB_VISIBILITY=" "-DZDICTLIB_VISIBILITY=" "-DZSTDERRORLIB_VISIBILITY=" "-DZSTD_LEGACY_SUPPORT=1" "-o" "D:\\kwavers\\ritk\\target\\debug\\build\\zstd-sys-1ab7914bd9048295\\out\\fb80479a5fb81f6a-zstd_preSplit.o" "-c" "zstd/lib/compress\\zstd_preSplit.c"
  exit code: 1
  cargo:warning=ToolExecError: command did not execute successfully (status code exit code: 1): "gcc.exe" "-O0" "-ffunction-sections" "-fdata-sections" "-g" "-gdwarf-2" "-fno-omit-frame-pointer" "-m64" "-I" "zstd/lib/" "-I" "zstd/lib/common" "-I" "zstd/lib/legacy" "-w" "-fvisibility=hidden" "-DZSTD_DISABLE_ASM=" "-DZSTD_LIB_DEPRECATED=0" "-DXXH_PRIVATE_API=" "-DZSTDLIB_VISIBILITY=" "-DZDICTLIB_VISIBILITY=" "-DZSTDERRORLIB_VISIBILITY=" "-DZSTD_LEGACY_SUPPORT=1" "-o" "D:\\kwavers\\ritk\\target\\debug\\build\\zstd-sys-1ab7914bd9048295\\out\\fb80479a5fb81f6a-zstdmt_compress.o" "-c" "zstd/lib/compress\\zstdmt_compress.c"
  exit code: 1
  cargo:warning=ToolExecError: command did not execute successfully (status code exit code: 1): "gcc.exe" "-O0" "-ffunction-sections" "-fdata-sections" "-g" "-gdwarf-2" "-fno-omit-frame-pointer" "-m64" "-I" "zstd/lib/" "-I" "zstd/lib/common" "-I" "zstd/lib/legacy" "-w" "-fvisibility=hidden" "-DZSTD_DISABLE_ASM=" "-DZSTD_LIB_DEPRECATED=0" "-DXXH_PRIVATE_API=" "-DZSTDLIB_VISIBILITY=" "-DZDICTLIB_VISIBILITY=" "-DZSTDERRORLIB_VISIBILITY=" "-DZSTD_LEGACY_SUPPORT=1" "-o" "D:\\kwavers\\ritk\\target\\debug\\build\\zstd-sys-1ab7914bd9048295\\out\\88f362f13b0528ed-huf_decompress.o" "-c" "zstd/lib/decompress\\huf_decompress.c"
  exit code: 1
  cargo:warning=ToolExecError: command did not execute successfully (status code exit code: 1): "gcc.exe" "-O0" "-ffunction-sections" "-fdata-sections" "-g" "-gdwarf-2" "-fno-omit-frame-pointer" "-m64" "-I" "zstd/lib/" "-I" "zstd/lib/common" "-I" "zstd/lib/legacy" "-w" "-fvisibility=hidden" "-DZSTD_DISABLE_ASM=" "-DZSTD_LIB_DEPRECATED=0" "-DXXH_PRIVATE_API=" "-DZSTDLIB_VISIBILITY=" "-DZDICTLIB_VISIBILITY=" "-DZSTDERRORLIB_VISIBILITY=" "-DZSTD_LEGACY_SUPPORT=1" "-o" "D:\\kwavers\\ritk\\target\\debug\\build\\zstd-sys-1ab7914bd9048295\\out\\88f362f13b0528ed-zstd_ddict.o" "-c" "zstd/lib/decompress\\zstd_ddict.c"
  exit code: 1
  cargo:warning=ToolExecError: command did not execute successfully (status code exit code: 1): "gcc.exe" "-O0" "-ffunction-sections" "-fdata-sections" "-g" "-gdwarf-2" "-fno-omit-frame-pointer" "-m64" "-I" "zstd/lib/" "-I" "zstd/lib/common" "-I" "zstd/lib/legacy" "-w" "-fvisibility=hidden" "-DZSTD_DISABLE_ASM=" "-DZSTD_LIB_DEPRECATED=0" "-DXXH_PRIVATE_API=" "-DZSTDLIB_VISIBILITY=" "-DZDICTLIB_VISIBILITY=" "-DZSTDERRORLIB_VISIBILITY=" "-DZSTD_LEGACY_SUPPORT=1" "-o" "D:\\kwavers\\ritk\\target\\debug\\build\\zstd-sys-1ab7914bd9048295\\out\\88f362f13b0528ed-zstd_decompress.o" "-c" "zstd/lib/decompress\\zstd_decompress.c"
  exit code: 1
  cargo:warning=ToolExecError: command did not execute successfully (status code exit code: 1): "gcc.exe" "-O0" "-ffunction-sections" "-fdata-sections" "-g" "-gdwarf-2" "-fno-omit-frame-pointer" "-m64" "-I" "zstd/lib/" "-I" "zstd/lib/common" "-I" "zstd/lib/legacy" "-w" "-fvisibility=hidden" "-DZSTD_DISABLE_ASM=" "-DZSTD_LIB_DEPRECATED=0" "-DXXH_PRIVATE_API=" "-DZSTDLIB_VISIBILITY=" "-DZDICTLIB_VISIBILITY=" "-DZSTDERRORLIB_VISIBILITY=" "-DZSTD_LEGACY_SUPPORT=1" "-o" "D:\\kwavers\\ritk\\target\\debug\\build\\zstd-sys-1ab7914bd9048295\\out\\88f362f13b0528ed-zstd_decompress_block.o" "-c" "zstd/lib/decompress\\zstd_decompress_block.c"
  exit code: 1
  cargo:warning=ToolExecError: command did not execute successfully (status code exit code: 1): "gcc.exe" "-O0" "-ffunction-sections" "-fdata-sections" "-g" "-gdwarf-2" "-fno-omit-frame-pointer" "-m64" "-I" "zstd/lib/" "-I" "zstd/lib/common" "-I" "zstd/lib/legacy" "-w" "-fvisibility=hidden" "-DZSTD_DISABLE_ASM=" "-DZSTD_LIB_DEPRECATED=0" "-DXXH_PRIVATE_API=" "-DZSTDLIB_VISIBILITY=" "-DZDICTLIB_VISIBILITY=" "-DZSTDERRORLIB_VISIBILITY=" "-DZSTD_LEGACY_SUPPORT=1" "-o" "D:\\kwavers\\ritk\\target\\debug\\build\\zstd-sys-1ab7914bd9048295\\out\\a6c81c75fc82913a-cover.o" "-c" "zstd/lib/dictBuilder\\cover.c"
  exit code: 1
  cargo:warning=ToolExecError: command did not execute successfully (status code exit code: 1): "gcc.exe" "-O0" "-ffunction-sections" "-fdata-sections" "-g" "-gdwarf-2" "-fno-omit-frame-pointer" "-m64" "-I" "zstd/lib/" "-I" "zstd/lib/common" "-I" "zstd/lib/legacy" "-w" "-fvisibility=hidden" "-DZSTD_DISABLE_ASM=" "-DZSTD_LIB_DEPRECATED=0" "-DXXH_PRIVATE_API=" "-DZSTDLIB_VISIBILITY=" "-DZDICTLIB_VISIBILITY=" "-DZSTDERRORLIB_VISIBILITY=" "-DZSTD_LEGACY_SUPPORT=1" "-o" "D:\\kwavers\\ritk\\target\\debug\\build\\zstd-sys-1ab7914bd9048295\\out\\a6c81c75fc82913a-divsufsort.o" "-c" "zstd/lib/dictBuilder\\divsufsort.c"
  exit code: 1
  cargo:warning=ToolExecError: command did not execute successfully (status code exit code: 1): "gcc.exe" "-O0" "-ffunction-sections" "-fdata-sections" "-g" "-gdwarf-2" "-fno-omit-frame-pointer" "-m64" "-I" "zstd/lib/" "-I" "zstd/lib/common" "-I" "zstd/lib/legacy" "-w" "-fvisibility=hidden" "-DZSTD_DISABLE_ASM=" "-DZSTD_LIB_DEPRECATED=0" "-DXXH_PRIVATE_API=" "-DZSTDLIB_VISIBILITY=" "-DZDICTLIB_VISIBILITY=" "-DZSTDERRORLIB_VISIBILITY=" "-DZSTD_LEGACY_SUPPORT=1" "-o" "D:\\kwavers\\ritk\\target\\debug\\build\\zstd-sys-1ab7914bd9048295\\out\\a6c81c75fc82913a-fastcover.o" "-c" "zstd/lib/dictBuilder\\fastcover.c"
  exit code: 1
  cargo:warning=ToolExecError: command did not execute successfully (status code exit code: 1): "gcc.exe" "-O0" "-ffunction-sections" "-fdata-sections" "-g" "-gdwarf-2" "-fno-omit-frame-pointer" "-m64" "-I" "zstd/lib/" "-I" "zstd/lib/common" "-I" "zstd/lib/legacy" "-w" "-fvisibility=hidden" "-DZSTD_DISABLE_ASM=" "-DZSTD_LIB_DEPRECATED=0" "-DXXH_PRIVATE_API=" "-DZSTDLIB_VISIBILITY=" "-DZDICTLIB_VISIBILITY=" "-DZSTDERRORLIB_VISIBILITY=" "-DZSTD_LEGACY_SUPPORT=1" "-o" "D:\\kwavers\\ritk\\target\\debug\\build\\zstd-sys-1ab7914bd9048295\\out\\a6c81c75fc82913a-zdict.o" "-c" "zstd/lib/dictBuilder\\zdict.c"
  exit code: 1
  cargo:warning=ToolExecError: command did not execute successfully (status code exit code: 1): "gcc.exe" "-O0" "-ffunction-sections" "-fdata-sections" "-g" "-gdwarf-2" "-fno-omit-frame-pointer" "-m64" "-I" "zstd/lib/" "-I" "zstd/lib/common" "-I" "zstd/lib/legacy" "-w" "-fvisibility=hidden" "-DZSTD_DISABLE_ASM=" "-DZSTD_LIB_DEPRECATED=0" "-DXXH_PRIVATE_API=" "-DZSTDLIB_VISIBILITY=" "-DZDICTLIB_VISIBILITY=" "-DZSTDERRORLIB_VISIBILITY=" "-DZSTD_LEGACY_SUPPORT=1" "-o" "D:\\kwavers\\ritk\\target\\debug\\build\\zstd-sys-1ab7914bd9048295\\out\\3f451b2306bc13c8-zstd_v01.o" "-c" "zstd/lib/legacy\\zstd_v01.c"
  exit code: 1
  cargo:warning=ToolExecError: command did not execute successfully (status code exit code: 1): "gcc.exe" "-O0" "-ffunction-sections" "-fdata-sections" "-g" "-gdwarf-2" "-fno-omit-frame-pointer" "-m64" "-I" "zstd/lib/" "-I" "zstd/lib/common" "-I" "zstd/lib/legacy" "-w" "-fvisibility=hidden" "-DZSTD_DISABLE_ASM=" "-DZSTD_LIB_DEPRECATED=0" "-DXXH_PRIVATE_API=" "-DZSTDLIB_VISIBILITY=" "-DZDICTLIB_VISIBILITY=" "-DZSTDERRORLIB_VISIBILITY=" "-DZSTD_LEGACY_SUPPORT=1" "-o" "D:\\kwavers\\ritk\\target\\debug\\build\\zstd-sys-1ab7914bd9048295\\out\\3f451b2306bc13c8-zstd_v02.o" "-c" "zstd/lib/legacy\\zstd_v02.c"
  exit code: 1
  cargo:warning=ToolExecError: command did not execute successfully (status code exit code: 1): "gcc.exe" "-O0" "-ffunction-sections" "-fdata-sections" "-g" "-gdwarf-2" "-fno-omit-frame-pointer" "-m64" "-I" "zstd/lib/" "-I" "zstd/lib/common" "-I" "zstd/lib/legacy" "-w" "-fvisibility=hidden" "-DZSTD_DISABLE_ASM=" "-DZSTD_LIB_DEPRECATED=0" "-DXXH_PRIVATE_API=" "-DZSTDLIB_VISIBILITY=" "-DZDICTLIB_VISIBILITY=" "-DZSTDERRORLIB_VISIBILITY=" "-DZSTD_LEGACY_SUPPORT=1" "-o" "D:\\kwavers\\ritk\\target\\debug\\build\\zstd-sys-1ab7914bd9048295\\out\\3f451b2306bc13c8-zstd_v03.o" "-c" "zstd/lib/legacy\\zstd_v03.c"
  exit code: 1
  cargo:warning=ToolExecError: command did not execute successfully (status code exit code: 1): "gcc.exe" "-O0" "-ffunction-sections" "-fdata-sections" "-g" "-gdwarf-2" "-fno-omit-frame-pointer" "-m64" "-I" "zstd/lib/" "-I" "zstd/lib/common" "-I" "zstd/lib/legacy" "-w" "-fvisibility=hidden" "-DZSTD_DISABLE_ASM=" "-DZSTD_LIB_DEPRECATED=0" "-DXXH_PRIVATE_API=" "-DZSTDLIB_VISIBILITY=" "-DZDICTLIB_VISIBILITY=" "-DZSTDERRORLIB_VISIBILITY=" "-DZSTD_LEGACY_SUPPORT=1" "-o" "D:\\kwavers\\ritk\\target\\debug\\build\\zstd-sys-1ab7914bd9048295\\out\\3f451b2306bc13c8-zstd_v04.o" "-c" "zstd/lib/legacy\\zstd_v04.c"
  exit code: 1
  cargo:warning=ToolExecError: command did not execute successfully (status code exit code: 1): "gcc.exe" "-O0" "-ffunction-sections" "-fdata-sections" "-g" "-gdwarf-2" "-fno-omit-frame-pointer" "-m64" "-I" "zstd/lib/" "-I" "zstd/lib/common" "-I" "zstd/lib/legacy" "-w" "-fvisibility=hidden" "-DZSTD_DISABLE_ASM=" "-DZSTD_LIB_DEPRECATED=0" "-DXXH_PRIVATE_API=" "-DZSTDLIB_VISIBILITY=" "-DZDICTLIB_VISIBILITY=" "-DZSTDERRORLIB_VISIBILITY=" "-DZSTD_LEGACY_SUPPORT=1" "-o" "D:\\kwavers\\ritk\\target\\debug\\build\\zstd-sys-1ab7914bd9048295\\out\\3f451b2306bc13c8-zstd_v05.o" "-c" "zstd/lib/legacy\\zstd_v05.c"
  exit code: 1
  cargo:warning=ToolExecError: command did not execute successfully (status code exit code: 1): "gcc.exe" "-O0" "-ffunction-sections" "-fdata-sections" "-g" "-gdwarf-2" "-fno-omit-frame-pointer" "-m64" "-I" "zstd/lib/" "-I" "zstd/lib/common" "-I" "zstd/lib/legacy" "-w" "-fvisibility=hidden" "-DZSTD_DISABLE_ASM=" "-DZSTD_LIB_DEPRECATED=0" "-DXXH_PRIVATE_API=" "-DZSTDLIB_VISIBILITY=" "-DZDICTLIB_VISIBILITY=" "-DZSTDERRORLIB_VISIBILITY=" "-DZSTD_LEGACY_SUPPORT=1" "-o" "D:\\kwavers\\ritk\\target\\debug\\build\\zstd-sys-1ab7914bd9048295\\out\\3f451b2306bc13c8-zstd_v06.o" "-c" "zstd/lib/legacy\\zstd_v06.c"
  exit code: 1
  cargo:warning=ToolExecError: command did not execute successfully (status code exit code: 1): "gcc.exe" "-O0" "-ffunction-sections" "-fdata-sections" "-g" "-gdwarf-2" "-fno-omit-frame-pointer" "-m64" "-I" "zstd/lib/" "-I" "zstd/lib/common" "-I" "zstd/lib/legacy" "-w" "-fvisibility=hidden" "-DZSTD_DISABLE_ASM=" "-DZSTD_LIB_DEPRECATED=0" "-DXXH_PRIVATE_API=" "-DZSTDLIB_VISIBILITY=" "-DZDICTLIB_VISIBILITY=" "-DZSTDERRORLIB_VISIBILITY=" "-DZSTD_LEGACY_SUPPORT=1" "-o" "D:\\kwavers\\ritk\\target\\debug\\build\\zstd-sys-1ab7914bd9048295\\out\\3f451b2306bc13c8-zstd_v07.o" "-c" "zstd/lib/legacy\\zstd_v07.c"

  --- stderr


  error occurred in cc-rs: command did not execute successfully (status code exit code: 1): "gcc.exe" "-O0" "-ffunction-sections" "-fdata-sections" "-g" "-gdwarf-2" "-fno-omit-frame-pointer" "-m64" "-I" "zstd/lib/" "-I" "zstd/lib/common" "-I" "zstd/lib/legacy" "-w" "-fvisibility=hidden" "-DZSTD_DISABLE_ASM=" "-DZSTD_LIB_DEPRECATED=0" "-DXXH_PRIVATE_API=" "-DZSTDLIB_VISIBILITY=" "-DZDICTLIB_VISIBILITY=" "-DZSTDERRORLIB_VISIBILITY=" "-DZSTD_LEGACY_SUPPORT=1" "-o" "D:\\kwavers\\ritk\\target\\debug\\build\\zstd-sys-1ab7914bd9048295\\out\\3f451b2306bc13c8-zstd_v07.o" "-c" "zstd/lib/legacy\\zstd_v07.c"


