9 - D:\kwavers\ritk\crates\ritk-core\src\lib.rs
69 - D:\kwavers\ritk\crates\ritk-core\src\filter\downsample.rs
221 - D:\kwavers\ritk\crates\ritk-core\src\filter\gaussian.rs
9 - D:\kwavers\ritk\crates\ritk-core\src\filter\mod.rs
104 - D:\kwavers\ritk\crates\ritk-core\src\filter\pyramid.rs
319 - D:\kwavers\ritk\crates\ritk-core\src\filter\resample.rs
127 - D:\kwavers\ritk\crates\ritk-core\src\image\grid.rs
494 - D:\kwavers\ritk\crates\ritk-core\src\image\image.rs
116 - D:\kwavers\ritk\crates\ritk-core\src\image\metadata.rs
12 - D:\kwavers\ritk\crates\ritk-core\src\image\mod.rs
280 - D:\kwavers\ritk\crates\ritk-core\src\interpolation\bspline.rs
661 - D:\kwavers\ritk\crates\ritk-core\src\interpolation\linear.rs
14 - D:\kwavers\ritk\crates\ritk-core\src\interpolation\mod.rs
279 - D:\kwavers\ritk\crates\ritk-core\src\interpolation\nearest.rs
30 - D:\kwavers\ritk\crates\ritk-core\src\interpolation\trait_.rs
282 - D:\kwavers\ritk\crates\ritk-core\src\spatial\direction.rs
24 - D:\kwavers\ritk\crates\ritk-core\src\spatial\mod.rs
207 - D:\kwavers\ritk\crates\ritk-core\src\spatial\point.rs
84 - D:\kwavers\ritk\crates\ritk-core\src\spatial\spacing.rs
259 - D:\kwavers\ritk\crates\ritk-core\src\spatial\vector.rs
228 - D:\kwavers\ritk\crates\ritk-core\src\transform\affine.rs
89 - D:\kwavers\ritk\crates\ritk-core\src\transform\chained.rs
359 - D:\kwavers\ritk\crates\ritk-core\src\transform\displacement_field.rs
33 - D:\kwavers\ritk\crates\ritk-core\src\transform\mod.rs
343 - D:\kwavers\ritk\crates\ritk-core\src\transform\rigid.rs
139 - D:\kwavers\ritk\crates\ritk-core\src\transform\scale.rs
357 - D:\kwavers\ritk\crates\ritk-core\src\transform\static_displacement_field.rs
59 - D:\kwavers\ritk\crates\ritk-core\src\transform\trait_.rs
85 - D:\kwavers\ritk\crates\ritk-core\src\transform\translation.rs
178 - D:\kwavers\ritk\crates\ritk-core\src\transform\versor.rs
521 - D:\kwavers\ritk\crates\ritk-core\src\transform\bspline\interpolation.rs
103 - D:\kwavers\ritk\crates\ritk-core\src\transform\bspline\mapping.rs
348 - D:\kwavers\ritk\crates\ritk-core\src\transform\bspline\mod.rs
226 - D:\kwavers\ritk\crates\ritk-core\tests\bspline_test.rs
92 - D:\kwavers\ritk\crates\ritk-core\tests\coordinate_mapping.rs
78 - D:\kwavers\ritk\crates\ritk-core\tests\image_test.rs
146 - D:\kwavers\ritk\crates\ritk-core\tests\transform_test.rs
85 - D:\kwavers\ritk\crates\ritk-io\examples\dicom_to_nifti.rs
59 - D:\kwavers\ritk\crates\ritk-io\examples\dump_dicom.rs
8 - D:\kwavers\ritk\crates\ritk-io\src\lib.rs
15 - D:\kwavers\ritk\crates\ritk-io\src\domain\mod.rs
3 - D:\kwavers\ritk\crates\ritk-io\src\format\mod.rs
340 - D:\kwavers\ritk\crates\ritk-io\src\format\dicom\mod.rs
395 - D:\kwavers\ritk\crates\ritk-io\src\format\nifti\mod.rs
196 - D:\kwavers\ritk\crates\ritk-io\src\format\png\mod.rs
30 - D:\kwavers\ritk\crates\ritk-io\tests\dicom_security.rs
102 - D:\kwavers\ritk\crates\ritk-model\src\interpolation.rs
6 - D:\kwavers\ritk\crates\ritk-model\src\lib.rs
254 - D:\kwavers\ritk\crates\ritk-model\src\losses.rs
5 - D:\kwavers\ritk\crates\ritk-model\src\affine\mod.rs
155 - D:\kwavers\ritk\crates\ritk-model\src\affine\network.rs
108 - D:\kwavers\ritk\crates\ritk-model\src\affine\transform.rs
111 - D:\kwavers\ritk\crates\ritk-model\src\io\adapter.rs
16 - D:\kwavers\ritk\crates\ritk-model\src\io\mod.rs
504 - D:\kwavers\ritk\crates\ritk-model\src\ssmmorph\cross_scan.rs
328 - D:\kwavers\ritk\crates\ritk-model\src\ssmmorph\decoder.rs
417 - D:\kwavers\ritk\crates\ritk-model\src\ssmmorph\encoder.rs
287 - D:\kwavers\ritk\crates\ritk-model\src\ssmmorph\integration.rs
94 - D:\kwavers\ritk\crates\ritk-model\src\ssmmorph\mod.rs
12 - D:\kwavers\ritk\crates\ritk-model\src\ssmmorph\repro.rs
392 - D:\kwavers\ritk\crates\ritk-model\src\ssmmorph\state_space.rs
356 - D:\kwavers\ritk\crates\ritk-model\src\ssmmorph\vmamba_block.rs
382 - D:\kwavers\ritk\crates\ritk-model\src\ssmmorph\network\architecture.rs
93 - D:\kwavers\ritk\crates\ritk-model\src\ssmmorph\network\integration.rs
45 - D:\kwavers\ritk\crates\ritk-model\src\ssmmorph\network\mod.rs
364 - D:\kwavers\ritk\crates\ritk-model\src\ssmmorph\network\sampling.rs
60 - D:\kwavers\ritk\crates\ritk-model\src\transmorph\integration.rs
411 - D:\kwavers\ritk\crates\ritk-model\src\transmorph\mod.rs
60 - D:\kwavers\ritk\crates\ritk-model\src\transmorph\spatial_transform.rs
513 - D:\kwavers\ritk\crates\ritk-model\src\transmorph\swin.rs
54 - D:\kwavers\ritk\crates\ritk-model\tests\affine_test.rs
99 - D:\kwavers\ritk\crates\ritk-model\tests\diffeomorphic_ssmmorph_test.rs
39 - D:\kwavers\ritk\crates\ritk-model\tests\transmorph_test.rs
162 - D:\kwavers\ritk\crates\ritk-registration\examples\brain_ct_mri_registration.rs
145 - D:\kwavers\ritk\crates\ritk-registration\examples\demo_registration.rs
77 - D:\kwavers\ritk\crates\ritk-registration\examples\dl_registration.rs
193 - D:\kwavers\ritk\crates\ritk-registration\examples\dl_train.rs
175 - D:\kwavers\ritk\crates\ritk-registration\examples\full_registration.rs
203 - D:\kwavers\ritk\crates\ritk-registration\examples\rigid_registration.rs
131 - D:\kwavers\ritk\crates\ritk-registration\src\error.rs
18 - D:\kwavers\ritk\crates\ritk-registration\src\lib.rs
156 - D:\kwavers\ritk\crates\ritk-registration\src\multires.rs
441 - D:\kwavers\ritk\crates\ritk-registration\src\progress.rs
398 - D:\kwavers\ritk\crates\ritk-registration\src\registration.rs
362 - D:\kwavers\ritk\crates\ritk-registration\src\validation.rs
290 - D:\kwavers\ritk\crates\ritk-registration\src\metric\correlation_ratio.rs
220 - D:\kwavers\ritk\crates\ritk-registration\src\metric\dl_losses.rs
294 - D:\kwavers\ritk\crates\ritk-registration\src\metric\histogram.rs
218 - D:\kwavers\ritk\crates\ritk-registration\src\metric\lncc.rs
18 - D:\kwavers\ritk\crates\ritk-registration\src\metric\mod.rs
142 - D:\kwavers\ritk\crates\ritk-registration\src\metric\mse.rs
294 - D:\kwavers\ritk\crates\ritk-registration\src\metric\mutual_information.rs
264 - D:\kwavers\ritk\crates\ritk-registration\src\metric\ncc.rs
75 - D:\kwavers\ritk\crates\ritk-registration\src\metric\trait_.rs
75 - D:\kwavers\ritk\crates\ritk-registration\src\optimizer\adam.rs
56 - D:\kwavers\ritk\crates\ritk-registration\src\optimizer\gradient_descent.rs
26 - D:\kwavers\ritk\crates\ritk-registration\src\optimizer\mod.rs
59 - D:\kwavers\ritk\crates\ritk-registration\src\optimizer\momentum.rs
112 - D:\kwavers\ritk\crates\ritk-registration\src\optimizer\trait_.rs
69 - D:\kwavers\ritk\crates\ritk-registration\src\optimizer\cma_es\math.rs
488 - D:\kwavers\ritk\crates\ritk-registration\src\optimizer\cma_es\mod.rs
68 - D:\kwavers\ritk\crates\ritk-registration\src\optimizer\cma_es\state.rs
131 - D:\kwavers\ritk\crates\ritk-registration\src\regularization\bending_energy.rs
136 - D:\kwavers\ritk\crates\ritk-registration\src\regularization\curvature.rs
134 - D:\kwavers\ritk\crates\ritk-registration\src\regularization\diffusion.rs
197 - D:\kwavers\ritk\crates\ritk-registration\src\regularization\elastic.rs
31 - D:\kwavers\ritk\crates\ritk-registration\src\regularization\mod.rs
158 - D:\kwavers\ritk\crates\ritk-registration\src\regularization\total_variation.rs
176 - D:\kwavers\ritk\crates\ritk-registration\src\regularization\trait_.rs
207 - D:\kwavers\ritk\crates\ritk-registration\tests\affine_registration_test.rs
118 - D:\kwavers\ritk\crates\ritk-registration\tests\bspline_cr_test.rs
111 - D:\kwavers\ritk\crates\ritk-registration\tests\bspline_registration_test.rs
81 - D:\kwavers\ritk\crates\ritk-registration\tests\correlation_ratio_test.rs
124 - D:\kwavers\ritk\crates\ritk-registration\tests\displacement_registration_test.rs
63 - D:\kwavers\ritk\crates\ritk-registration\tests\lncc_test.rs
119 - D:\kwavers\ritk\crates\ritk-registration\tests\mse_test.rs
101 - D:\kwavers\ritk\crates\ritk-registration\tests\multires_cr_test.rs
96 - D:\kwavers\ritk\crates\ritk-registration\tests\multires_registration_test.rs
98 - D:\kwavers\ritk\crates\ritk-registration\tests\normalized_mi_test.rs
231 - D:\kwavers\ritk\crates\ritk-registration\tests\real_data_test.rs
140 - D:\kwavers\ritk\crates\ritk-registration\tests\registration_test.rs
196 - D:\kwavers\ritk\crates\ritk-registration\tests\rigid_registration_test.rs
130 - D:\kwavers\ritk\crates\ritk-registration\tests\verify_affine.rs
116 - D:\kwavers\ritk\crates\ritk-registration\tests\verify_registration.rs
124 - D:\kwavers\ritk\crates\ritk-registration\tests\versor_registration_test.rs
